fz258@calx061$ cd /data/discsim2/fz258/scienceB6_calibration_new_final/
fz258@calx061$ ./../casa/casa-6.4.3-27/bin/casa

optional configuration file config.py not found, continuing CASA startup without it

IPython 7.15.0 -- An enhanced Interactive Python.

Using matplotlib backend: TkAgg
Telemetry initialized. Telemetry will send anonymized usage statistics to NRAO.
You can disable telemetry by adding the following line to the config.py file in your rcdir (e.g. ~/.casa/config.py):
telemetry_enabled = False
--> CrashReporter initialized.
CASA 6.4.3.27 -- Common Astronomy Software Applications [6.4.3.27]

CASA <1>: execfile('selfcal_init.py')                                           
pytz is not available in this python (used by au.mjdToLocalTime)
imported casatasks and casatools individually
NOTICE: Exporting to images in screen resolution is currently not working.  Switching to high resolution (which is slower, but works).
#Averaged continuum dataset saved to CI_Tau_SB_EB0_initcont.ms
NOTICE: Exporting to images in screen resolution is currently not working.  Switching to high resolution (which is slower, but works).
#Averaged continuum dataset saved to CI_Tau_LB_EB0_initcont.ms
NOTICE: Exporting to images in screen resolution is currently not working.  Switching to high resolution (which is slower, but works).
#Averaged continuum dataset saved to CI_Tau_LB_EB1_initcont.ms

0%....10....20....30....40....50....60....70....80....90....100%

0%....10....20....30....40....50....60....70....80....90....100%

0%....10....20....30....40....50....60....70....80....90....100%

0%....10....20....30....40....50....60....70....80....90....100%

0%....10....20....30....40....50....60....70....80....90....100%

0%....10....20....30....40....50....60....70....80....90....100%

0%....10....20....30....40....50....60....70....80....90....100%
#CI_Tau_LB_EB0_p0.image.tt0
#Beam 0.060 arcsec x 0.048 arcsec (25.41 deg)
#Flux inside disk mask: 175.65 mJy
#Peak intensity of source: 3.84 mJy/beam
#rms: 1.76e-02 mJy/beam
#Peak SNR: 218.11
NOTICE: Exporting to images in screen resolution is currently not working.  Switching to high resolution (which is slower, but works).

0%....10....20....30....40....50....60....70....80....90....100%

0%....10....20....30....40....50....60....70....80....90....100%

0%....10....20....30....40....50....60....70....80....90....100%

0%....10....20....30....40....50....60....70....80....90....100%

0%....10....20....30....40....50....60....70....80....90....100%

0%....10....20....30....40....50....60....70....80....90....100%

0%....10....20....30....40....50....60....70....80....90....100%
#CI_Tau_LB_EB0_initcont_p1.image.tt0
#Beam 0.060 arcsec x 0.048 arcsec (25.43 deg)
#Flux inside disk mask: 176.81 mJy
#Peak intensity of source: 3.89 mJy/beam
#rms: 1.72e-02 mJy/beam
#Peak SNR: 226.17

0%....10....20....30....40....50....60....70....80....90....100%

0%....10....20....30....40....50....60....70....80....90....100%

0%....10....20....30....40....50....60....70....80....90....100%

0%....10....20....30....40....50....60....70....80....90....100%

0%....10....20....30....40....50....60....70....80....90....100%

0%....10....20....30....40....50....60....70....80....90....100%
#CI_Tau_LB_EB1_p0.image.tt0
#Beam 0.077 arcsec x 0.037 arcsec (36.16 deg)
#Flux inside disk mask: 153.67 mJy
#Peak intensity of source: 3.81 mJy/beam
#rms: 1.53e-02 mJy/beam
#Peak SNR: 248.46
NOTICE: Exporting to images in screen resolution is currently not working.  Switching to high resolution (which is slower, but works).

0%....10....20....30....40....50....60....70....80....90....100%

0%....10....20....30....40....50....60....70....80....90....100%

0%....10....20....30....40....50....60....70....80....90....100%

0%....10....20....30....40....50....60....70....80....90....100%

0%....10....20....30....40....50....60....70....80....90....100%

0%....10....20....30....40....50....60....70....80....90....100%
#CI_Tau_LB_EB1_initcont_p1.image.tt0
#Beam 0.077 arcsec x 0.037 arcsec (36.16 deg)
#Flux inside disk mask: 154.85 mJy
#Peak intensity of source: 3.82 mJy/beam
#rms: 1.52e-02 mJy/beam
#Peak SNR: 251.98
#CI_Tau_SB_p0.image.tt0
#Beam 0.306 arcsec x 0.204 arcsec (-0.55 deg)
#Flux inside disk mask: 139.40 mJy
#Peak intensity of source: 16.55 mJy/beam
#rms: 9.07e-02 mJy/beam
#Peak SNR: 182.47
2 of 40 solutions flagged due to SNR < 4 in spw=0 at 2016/08/27/10:35:55.5
NOTICE: Exporting to images in screen resolution is currently not working.  Switching to high resolution (which is slower, but works).
#CI_Tau_SB_initcont_p1.image.tt0
#Beam 0.306 arcsec x 0.204 arcsec (-0.55 deg)
#Flux inside disk mask: 140.33 mJy
#Peak intensity of source: 16.84 mJy/beam
#rms: 8.06e-02 mJy/beam
#Peak SNR: 208.93
NOTICE: Exporting to images in screen resolution is currently not working.  Switching to high resolution (which is slower, but works).
#CI_Tau_SB_initcont_p2.image.tt0
#Beam 0.306 arcsec x 0.204 arcsec (-0.55 deg)
#Flux inside disk mask: 140.26 mJy
#Peak intensity of source: 17.80 mJy/beam
#rms: 7.37e-02 mJy/beam
#Peak SNR: 241.45
NOTICE: Exporting to images in screen resolution is currently not working.  Switching to high resolution (which is slower, but works).
#CI_Tau_SB_initcont_p3.image.tt0
#Beam 0.306 arcsec x 0.204 arcsec (-0.55 deg)
#Flux inside disk mask: 140.18 mJy
#Peak intensity of source: 18.24 mJy/beam
#rms: 7.31e-02 mJy/beam
#Peak SNR: 249.73
1 of 40 solutions flagged due to SNR < 4 in spw=0 at 2016/08/27/10:42:27.1
NOTICE: Exporting to images in screen resolution is currently not working.  Switching to high resolution (which is slower, but works).
#CI_Tau_SB_initcont_p4.image.tt0
#Beam 0.306 arcsec x 0.204 arcsec (-0.55 deg)
#Flux inside disk mask: 140.23 mJy
#Peak intensity of source: 18.41 mJy/beam
#rms: 7.34e-02 mJy/beam
#Peak SNR: 250.90
2 of 40 solutions flagged due to SNR < 4 in spw=0 at 2016/08/27/10:27:59.5
1 of 40 solutions flagged due to SNR < 4 in spw=0 at 2016/08/27/10:29:30.2
1 of 40 solutions flagged due to SNR < 4 in spw=0 at 2016/08/27/10:34:51.6
1 of 40 solutions flagged due to SNR < 4 in spw=0 at 2016/08/27/10:36:52.0
2 of 40 solutions flagged due to SNR < 4 in spw=0 at 2016/08/27/10:37:22.2
1 of 40 solutions flagged due to SNR < 4 in spw=0 at 2016/08/27/10:42:12.0
1 of 40 solutions flagged due to SNR < 4 in spw=0 at 2016/08/27/10:42:41.7
1 of 40 solutions flagged due to SNR < 4 in spw=0 at 2016/08/27/10:43:42.2
1 of 40 solutions flagged due to SNR < 4 in spw=0 at 2016/08/27/10:44:12.4
3 of 40 solutions flagged due to SNR < 4 in spw=0 at 2016/08/27/10:44:42.7
NOTICE: Exporting to images in screen resolution is currently not working.  Switching to high resolution (which is slower, but works).
#CI_Tau_SB_initcont_p5.image.tt0
#Beam 0.306 arcsec x 0.204 arcsec (-0.55 deg)
#Flux inside disk mask: 140.34 mJy
#Peak intensity of source: 18.62 mJy/beam
#rms: 7.39e-02 mJy/beam
#Peak SNR: 252.15
2 of 41 solutions flagged due to SNR < 4 in spw=0 at 2016/08/27/10:26:53.6
6 of 41 solutions flagged due to SNR < 4 in spw=0 at 2016/08/27/10:27:07.9
3 of 40 solutions flagged due to SNR < 4 in spw=0 at 2016/08/27/10:27:38.3
3 of 40 solutions flagged due to SNR < 4 in spw=0 at 2016/08/27/10:27:53.4
6 of 40 solutions flagged due to SNR < 4 in spw=0 at 2016/08/27/10:28:08.5
3 of 40 solutions flagged due to SNR < 4 in spw=0 at 2016/08/27/10:28:23.7
3 of 40 solutions flagged due to SNR < 4 in spw=0 at 2016/08/27/10:28:38.8
3 of 40 solutions flagged due to SNR < 4 in spw=0 at 2016/08/27/10:28:53.9
5 of 40 solutions flagged due to SNR < 4 in spw=0 at 2016/08/27/10:29:09.0
5 of 40 solutions flagged due to SNR < 4 in spw=0 at 2016/08/27/10:29:24.1
5 of 40 solutions flagged due to SNR < 4 in spw=0 at 2016/08/27/10:29:39.3
3 of 40 solutions flagged due to SNR < 4 in spw=0 at 2016/08/27/10:34:45.6
6 of 40 solutions flagged due to SNR < 4 in spw=0 at 2016/08/27/10:35:00.1
2 of 40 solutions flagged due to SNR < 4 in spw=0 at 2016/08/27/10:35:15.2
5 of 40 solutions flagged due to SNR < 4 in spw=0 at 2016/08/27/10:35:30.3
3 of 40 solutions flagged due to SNR < 4 in spw=0 at 2016/08/27/10:35:45.5
4 of 40 solutions flagged due to SNR < 4 in spw=0 at 2016/08/27/10:36:00.6
2 of 40 solutions flagged due to SNR < 4 in spw=0 at 2016/08/27/10:36:15.7
5 of 40 solutions flagged due to SNR < 4 in spw=0 at 2016/08/27/10:36:30.8
2 of 40 solutions flagged due to SNR < 4 in spw=0 at 2016/08/27/10:36:45.9
4 of 40 solutions flagged due to SNR < 4 in spw=0 at 2016/08/27/10:37:01.1
1 of 40 solutions flagged due to SNR < 4 in spw=0 at 2016/08/27/10:37:16.2
6 of 40 solutions flagged due to SNR < 4 in spw=0 at 2016/08/27/10:37:31.3
2 of 40 solutions flagged due to SNR < 4 in spw=0 at 2016/08/27/10:42:05.9
5 of 40 solutions flagged due to SNR < 4 in spw=0 at 2016/08/27/10:42:20.5
2 of 40 solutions flagged due to SNR < 4 in spw=0 at 2016/08/27/10:42:35.7
3 of 40 solutions flagged due to SNR < 4 in spw=0 at 2016/08/27/10:42:50.8
2 of 40 solutions flagged due to SNR < 4 in spw=0 at 2016/08/27/10:43:05.9
6 of 40 solutions flagged due to SNR < 4 in spw=0 at 2016/08/27/10:43:21.0
2 of 40 solutions flagged due to SNR < 4 in spw=0 at 2016/08/27/10:43:36.1
8 of 40 solutions flagged due to SNR < 4 in spw=0 at 2016/08/27/10:43:51.3
4 of 40 solutions flagged due to SNR < 4 in spw=0 at 2016/08/27/10:44:06.4
5 of 40 solutions flagged due to SNR < 4 in spw=0 at 2016/08/27/10:44:21.5
3 of 40 solutions flagged due to SNR < 4 in spw=0 at 2016/08/27/10:44:36.6
5 of 40 solutions flagged due to SNR < 4 in spw=0 at 2016/08/27/10:44:51.7
NOTICE: Exporting to images in screen resolution is currently not working.  Switching to high resolution (which is slower, but works).
#CI_Tau_SB_initcont_p6.image.tt0
#Beam 0.306 arcsec x 0.204 arcsec (-0.55 deg)
#Flux inside disk mask: 140.36 mJy
#Peak intensity of source: 18.83 mJy/beam
#rms: 7.39e-02 mJy/beam
#Peak SNR: 254.67
#CI_Tau_SB_initcont_p6.image.tt0
#Beam 0.306 arcsec x 0.204 arcsec (-0.55 deg)
#Flux inside disk mask: 139.99 mJy
#Peak intensity of source: 18.76 mJy/beam
#rms: 6.88e-02 mJy/beam
#Peak SNR: 272.54
NOTICE: Exporting to images in screen resolution is currently not working.  Switching to high resolution (which is slower, but works).
NOTICE: Exporting to images in screen resolution is currently not working.  Switching to high resolution (which is slower, but works).
#CI_Tau_SB_initcont_ap0.image.tt0
#Beam 0.303 arcsec x 0.202 arcsec (1.17 deg)
#Flux inside disk mask: 140.54 mJy
#Peak intensity of source: 18.58 mJy/beam
#rms: 6.98e-02 mJy/beam
#Peak SNR: 266.26
04h33m52.028080s +22d50m29.85607s
#Peak of Gaussian component identified with imfit: ICRS 04h33m52.028080s +22d50m29.85607s
04:33:52.028080 +22:50:29.85607
Separation: radian = 7.2873e-08, degrees = 0.000004 = 4.17531e-06, arcsec = 0.015031 = 0.0150311
#Peak in J2000 coordinates: 04:33:52.02869, +022:50:29.843627
#PA of Gaussian component: 15.13 deg
#Inclination of Gaussian component: 47.06 deg
#Pixel coordinates of peak: x = 242.088 y = 241.710
04h33m52.026283s +22d50m29.79260s
#Peak of Gaussian component identified with imfit: ICRS 04h33m52.026283s +22d50m29.79260s
04:33:52.026283 +22:50:29.79260
Separation: radian = 7.27563e-08, degrees = 0.000004 = 4.16863e-06, arcsec = 0.015007 = 0.0150071
#Peak in J2000 coordinates: 04:33:52.02689, +022:50:29.780158
#PA of Gaussian component: 22.62 deg
#Inclination of Gaussian component: 38.16 deg
#Pixel coordinates of peak: x = 1105.402 y = 1173.556
04h33m52.026289s +22d50m29.79248s
#Peak of Gaussian component identified with imfit: ICRS 04h33m52.026289s +22d50m29.79248s
04:33:52.026289 +22:50:29.79248
Separation: radian = 7.29106e-08, degrees = 0.000004 = 4.17747e-06, arcsec = 0.015039 = 0.0150389
#Peak in J2000 coordinates: 04:33:52.02690, +022:50:29.780037
#PA of Gaussian component: 1.72 deg
#Inclination of Gaussian component: 38.40 deg
#Pixel coordinates of peak: x = 1105.375 y = 1173.534
#CI_Tau_SB_EB0_initcont_cent.ms.image.tt0
#Beam 0.303 arcsec x 0.202 arcsec (1.17 deg)
#Flux inside disk mask: 140.46 mJy
#Peak intensity of source: 18.58 mJy/beam
#rms: 6.73e-02 mJy/beam
#Peak SNR: 275.98

0%....10....20....30....40....50....60....70....80....90....100%

0%....10....20....30....40....50....60....70....80....90....100%

0%....10....20....30....40....50....60....70....80....90....100%

0%....10....20....30....40....50....60....70....80....90....100%

0%....10....20....30....40....50....60....70....80....90....100%

0%....10....20....30....40....50....60....70....80....90....100%

0%....10....20....30....40....50....60....70....80....90....100%
#CI_Tau_LB_EB0_initcont_cent.ms.image.tt0
#Beam 0.060 arcsec x 0.048 arcsec (25.43 deg)
#Flux inside disk mask: 175.55 mJy
#Peak intensity of source: 3.89 mJy/beam
#rms: 1.72e-02 mJy/beam
#Peak SNR: 226.57

0%....10....20....30....40....50....60....70....80....90....100%

0%....10....20....30....40....50....60....70....80....90....100%

0%....10....20....30....40....50....60....70....80....90....100%

0%....10....20....30....40....50....60....70....80....90....100%

0%....10....20....30....40....50....60....70....80....90....100%

0%....10....20....30....40....50....60....70....80....90....100%
#CI_Tau_LB_EB1_initcont_cent.ms.image.tt0
#Beam 0.077 arcsec x 0.037 arcsec (36.16 deg)
#Flux inside disk mask: 155.63 mJy
#Peak intensity of source: 3.83 mJy/beam
#rms: 1.51e-02 mJy/beam
#Peak SNR: 253.61
04h33m52.026895s +22d50m29.77969s
#Peak of Gaussian component identified with imfit: J2000 04h33m52.026895s +22d50m29.77969s
#PA of Gaussian component: 15.45 deg
#Inclination of Gaussian component: 46.59 deg
#Pixel coordinates of peak: x = 250.003 y = 249.986
04h33m52.026898s +22d50m29.77994s
#Peak of Gaussian component identified with imfit: J2000 04h33m52.026898s +22d50m29.77994s
#PA of Gaussian component: 23.60 deg
#Inclination of Gaussian component: 37.37 deg
#Pixel coordinates of peak: x = 1200.008 y = 1199.973
04h33m52.026898s +22d50m29.78005s
#Peak of Gaussian component identified with imfit: J2000 04h33m52.026898s +22d50m29.78005s
#PA of Gaussian component: 2.93 deg
#Inclination of Gaussian component: 37.55 deg
#Pixel coordinates of peak: x = 1200.006 y = 1200.003
  Closest Band 3 measurement: 2.650 +- 0.060 (age=-7 days) 103.5 GHz (will extrapolate from this datum using spectral index)
  Closest Band 3 measurement: 2.740 +- 0.090 (age=-7 days) 91.5 GHz (will extrapolate from this datum using spectral index)
  Closest Band 3 measurement: 2.680 +- 0.060 (age=-7 days) 91.5 GHz (will extrapolate from this datum using spectral index)
  Closest Band 7 measurement: 1.450 +- 0.060 (age=+6 days) 343.5 GHz 
number of measurements used in low/high bands = 3 / 1
getALMAFluxCSV(Cycle6): Fitting for spectral index with 1 measurement pair of age +7.0 days from 2016/08/27, with age separation of 2 days
  2016/08/19 -- 2016/08/21: freqs=[91.46, 103.49, 343.48], fluxes=[2.42, 2.38, 1.45], errors=[0.04, 0.04, 0.06]
Median Monte-Carlo result for 219.959000 = 1.742766 +- 0.046442 (scaled MAD = 0.046320)
Result using spectral index of -0.391048 for 219.959 GHz from 2.690 Jy at 95.470 GHz = 1.940918 +- 0.046442 Jy
  Closest Band 3 measurement: 2.650 +- 0.060 (age=-7 days) 103.5 GHz (will extrapolate from this datum using spectral index)
  Closest Band 3 measurement: 2.740 +- 0.090 (age=-7 days) 91.5 GHz (will extrapolate from this datum using spectral index)
  Closest Band 3 measurement: 2.680 +- 0.060 (age=-7 days) 91.5 GHz (will extrapolate from this datum using spectral index)
  Closest Band 7 measurement: 1.450 +- 0.060 (age=+6 days) 343.5 GHz 
number of measurements used in low/high bands = 3 / 1
getALMAFluxCSV(Cycle6): Fitting for spectral index with 1 measurement pair of age +7.0 days from 2016/08/27, with age separation of 2 days
  2016/08/19 -- 2016/08/21: freqs=[91.46, 103.49, 343.48], fluxes=[2.42, 2.38, 1.45], errors=[0.04, 0.04, 0.06]
Median Monte-Carlo result for 216.720000 = 1.752721 +- 0.046682 (scaled MAD = 0.046406)
Result using spectral index of -0.391048 for 216.720 GHz from 2.690 Jy at 95.470 GHz = 1.952210 +- 0.046682 Jy
  Closest Band 3 measurement: 2.650 +- 0.060 (age=-7 days) 103.5 GHz (will extrapolate from this datum using spectral index)
  Closest Band 3 measurement: 2.740 +- 0.090 (age=-7 days) 91.5 GHz (will extrapolate from this datum using spectral index)
  Closest Band 3 measurement: 2.680 +- 0.060 (age=-7 days) 91.5 GHz (will extrapolate from this datum using spectral index)
  Closest Band 7 measurement: 1.450 +- 0.060 (age=+6 days) 343.5 GHz 
number of measurements used in low/high bands = 3 / 1
getALMAFluxCSV(Cycle6): Fitting for spectral index with 1 measurement pair of age +7.0 days from 2016/08/27, with age separation of 2 days
  2016/08/19 -- 2016/08/21: freqs=[91.46, 103.49, 343.48], fluxes=[2.42, 2.38, 1.45], errors=[0.04, 0.04, 0.06]
Median Monte-Carlo result for 231.231000 = 1.708582 +- 0.048268 (scaled MAD = 0.048446)
Result using spectral index of -0.391048 for 231.231 GHz from 2.690 Jy at 95.470 GHz = 1.903354 +- 0.048268 Jy
  Closest Band 3 measurement: 2.650 +- 0.060 (age=-7 days) 103.5 GHz (will extrapolate from this datum using spectral index)
  Closest Band 3 measurement: 2.740 +- 0.090 (age=-7 days) 91.5 GHz (will extrapolate from this datum using spectral index)
  Closest Band 3 measurement: 2.680 +- 0.060 (age=-7 days) 91.5 GHz (will extrapolate from this datum using spectral index)
  Closest Band 7 measurement: 1.450 +- 0.060 (age=+6 days) 343.5 GHz 
number of measurements used in low/high bands = 3 / 1
getALMAFluxCSV(Cycle6): Fitting for spectral index with 1 measurement pair of age +7.0 days from 2016/08/27, with age separation of 2 days
  2016/08/19 -- 2016/08/21: freqs=[91.46, 103.49, 343.48], fluxes=[2.42, 2.38, 1.45], errors=[0.04, 0.04, 0.06]
Median Monte-Carlo result for 234.432000 = 1.699581 +- 0.048464 (scaled MAD = 0.048865)
Result using spectral index of -0.391048 for 234.432 GHz from 2.690 Jy at 95.470 GHz = 1.893149 +- 0.048464 Jy
  Closest Band 3 measurement: 2.280 +- 0.060 (age=+6 days) 103.5 GHz (will extrapolate from this datum using spectral index)
  Closest Band 3 measurement: 2.400 +- 0.050 (age=+6 days) 91.5 GHz (will extrapolate from this datum using spectral index)
  Closest Band 7 measurement: 1.120 +- 0.070 (age=-4 days) 343.5 GHz 
number of measurements used in low/high bands = 2 / 1
getALMAFluxCSV(Cycle6): Fitting for spectral index with 1 measurement pair of age +6.0 days from 2017/09/23, with age separation of 0 days
  2017/09/17: freqs=[103.49, 91.46, 343.48], fluxes=[2.28, 2.4, 1.42], errors=[0.06, 0.05, 0.07]
Median Monte-Carlo result for 224.000000 = 1.681490 +- 0.055313 (scaled MAD = 0.055391)
Result using spectral index of -0.396347 for 224.000 GHz from 2.340 Jy at 97.475 GHz = 1.682651 +- 0.055313 Jy
  Closest Band 3 measurement: 2.280 +- 0.060 (age=+6 days) 103.5 GHz (will extrapolate from this datum using spectral index)
  Closest Band 3 measurement: 2.400 +- 0.050 (age=+6 days) 91.5 GHz (will extrapolate from this datum using spectral index)
  Closest Band 7 measurement: 1.120 +- 0.070 (age=-4 days) 343.5 GHz 
number of measurements used in low/high bands = 2 / 1
getALMAFluxCSV(Cycle6): Fitting for spectral index with 1 measurement pair of age +6.0 days from 2017/09/23, with age separation of 0 days
  2017/09/17: freqs=[103.49, 91.46, 343.48], fluxes=[2.28, 2.4, 1.42], errors=[0.06, 0.05, 0.07]
Median Monte-Carlo result for 226.000000 = 1.675114 +- 0.056020 (scaled MAD = 0.055551)
Result using spectral index of -0.396347 for 226.000 GHz from 2.340 Jy at 97.475 GHz = 1.676733 +- 0.056020 Jy
  Closest Band 3 measurement: 2.280 +- 0.060 (age=+6 days) 103.5 GHz (will extrapolate from this datum using spectral index)
  Closest Band 3 measurement: 2.400 +- 0.050 (age=+6 days) 91.5 GHz (will extrapolate from this datum using spectral index)
  Closest Band 7 measurement: 1.120 +- 0.070 (age=-4 days) 343.5 GHz 
number of measurements used in low/high bands = 2 / 1
getALMAFluxCSV(Cycle6): Fitting for spectral index with 1 measurement pair of age +6.0 days from 2017/09/23, with age separation of 0 days
  2017/09/17: freqs=[103.49, 91.46, 343.48], fluxes=[2.28, 2.4, 1.42], errors=[0.06, 0.05, 0.07]
Median Monte-Carlo result for 240.000000 = 1.635520 +- 0.057853 (scaled MAD = 0.058744)
Result using spectral index of -0.396347 for 240.000 GHz from 2.340 Jy at 97.475 GHz = 1.637262 +- 0.057853 Jy
  Closest Band 3 measurement: 2.280 +- 0.060 (age=+6 days) 103.5 GHz (will extrapolate from this datum using spectral index)
  Closest Band 3 measurement: 2.400 +- 0.050 (age=+6 days) 91.5 GHz (will extrapolate from this datum using spectral index)
  Closest Band 7 measurement: 1.120 +- 0.070 (age=-4 days) 343.5 GHz 
number of measurements used in low/high bands = 2 / 1
getALMAFluxCSV(Cycle6): Fitting for spectral index with 1 measurement pair of age +6.0 days from 2017/09/23, with age separation of 0 days
  2017/09/17: freqs=[103.49, 91.46, 343.48], fluxes=[2.28, 2.4, 1.42], errors=[0.06, 0.05, 0.07]
Median Monte-Carlo result for 242.000000 = 1.629377 +- 0.057778 (scaled MAD = 0.057834)
Result using spectral index of -0.396347 for 242.000 GHz from 2.340 Jy at 97.475 GHz = 1.631886 +- 0.057778 Jy
  Closest Band 3 measurement: 2.120 +- 0.090 (age=-7 days) 103.5 GHz (will extrapolate from this datum using spectral index)
  Closest Band 3 measurement: 2.080 +- 0.070 (age=-7 days) 91.5 GHz (will extrapolate from this datum using spectral index)
  Closest Band 7 measurement: 1.120 +- 0.070 (age=-3 days) 343.5 GHz 
number of measurements used in low/high bands = 2 / 1
getALMAFluxCSV(Cycle6): Fitting for spectral index with 1 measurement pair of age +7.0 days from 2017/09/24, with age separation of 0 days
  2017/09/17: freqs=[91.46, 103.49, 343.48], fluxes=[2.4, 2.28, 1.42], errors=[0.05, 0.06, 0.07]
Median Monte-Carlo result for 224.000000 = 1.680695 +- 0.055476 (scaled MAD = 0.054930)
Result using spectral index of -0.396347 for 224.000 GHz from 2.100 Jy at 97.475 GHz = 1.510072 +- 0.055476 Jy
  Closest Band 3 measurement: 2.120 +- 0.090 (age=-7 days) 103.5 GHz (will extrapolate from this datum using spectral index)
  Closest Band 3 measurement: 2.080 +- 0.070 (age=-7 days) 91.5 GHz (will extrapolate from this datum using spectral index)
  Closest Band 7 measurement: 1.120 +- 0.070 (age=-3 days) 343.5 GHz 
number of measurements used in low/high bands = 2 / 1
getALMAFluxCSV(Cycle6): Fitting for spectral index with 1 measurement pair of age +7.0 days from 2017/09/24, with age separation of 0 days
  2017/09/17: freqs=[91.46, 103.49, 343.48], fluxes=[2.4, 2.28, 1.42], errors=[0.05, 0.06, 0.07]
Median Monte-Carlo result for 226.000000 = 1.675406 +- 0.055801 (scaled MAD = 0.056256)
Result using spectral index of -0.396347 for 226.000 GHz from 2.100 Jy at 97.475 GHz = 1.504761 +- 0.055801 Jy
  Closest Band 3 measurement: 2.120 +- 0.090 (age=-7 days) 103.5 GHz (will extrapolate from this datum using spectral index)
  Closest Band 3 measurement: 2.080 +- 0.070 (age=-7 days) 91.5 GHz (will extrapolate from this datum using spectral index)
  Closest Band 7 measurement: 1.120 +- 0.070 (age=-3 days) 343.5 GHz 
number of measurements used in low/high bands = 2 / 1
getALMAFluxCSV(Cycle6): Fitting for spectral index with 1 measurement pair of age +7.0 days from 2017/09/24, with age separation of 0 days
  2017/09/17: freqs=[91.46, 103.49, 343.48], fluxes=[2.4, 2.28, 1.42], errors=[0.05, 0.06, 0.07]
Median Monte-Carlo result for 240.000000 = 1.636124 +- 0.057252 (scaled MAD = 0.056851)
Result using spectral index of -0.396347 for 240.000 GHz from 2.100 Jy at 97.475 GHz = 1.469338 +- 0.057252 Jy
  Closest Band 3 measurement: 2.120 +- 0.090 (age=-7 days) 103.5 GHz (will extrapolate from this datum using spectral index)
  Closest Band 3 measurement: 2.080 +- 0.070 (age=-7 days) 91.5 GHz (will extrapolate from this datum using spectral index)
  Closest Band 7 measurement: 1.120 +- 0.070 (age=-3 days) 343.5 GHz 
number of measurements used in low/high bands = 2 / 1
getALMAFluxCSV(Cycle6): Fitting for spectral index with 1 measurement pair of age +7.0 days from 2017/09/24, with age separation of 0 days
  2017/09/17: freqs=[91.46, 103.49, 343.48], fluxes=[2.4, 2.28, 1.42], errors=[0.05, 0.06, 0.07]
Median Monte-Carlo result for 242.000000 = 1.631089 +- 0.058520 (scaled MAD = 0.058043)
Result using spectral index of -0.396347 for 242.000 GHz from 2.100 Jy at 97.475 GHz = 1.464513 +- 0.058520 Jy
#Measurement set exported to CI_Tau_SB_EB0_initcont_cent.vis.npz
#Measurement set exported to CI_Tau_LB_EB0_initcont_cent.vis.npz
#Measurement set exported to CI_Tau_LB_EB1_initcont_cent.vis.npz
#The ratio of the fluxes of CI_Tau_LB_EB0_initcont_cent.vis.npz to CI_Tau_SB_EB0_initcont_cent.vis.npz is 1.19594
#The scaling factor for gencal is 1.094 for your comparison measurement
#The error on the weighted mean ratio is 1.962e-03, although it's likely that the weights in the measurement sets are off by some constant factor
#The ratio of the fluxes of CI_Tau_LB_EB1_initcont_cent.vis.npz to CI_Tau_SB_EB0_initcont_cent.vis.npz is 1.06877
#The scaling factor for gencal is 1.034 for your comparison measurement
#The error on the weighted mean ratio is 1.551e-03, although it's likely that the weights in the measurement sets are off by some constant factor
#The ratio of the fluxes of CI_Tau_LB_EB0_initcont_cent.vis.npz to CI_Tau_LB_EB1_initcont_cent.vis.npz is 1.11864
#The scaling factor for gencal is 1.058 for your comparison measurement
#The error on the weighted mean ratio is 1.231e-03, although it's likely that the weights in the measurement sets are off by some constant factor
#Splitting out rescaled values into new MS: CI_Tau_LB_EB0_initcont_cent_rescaled.ms
#Measurement set exported to CI_Tau_LB_EB0_initcont_cent_rescaled.vis.npz
#The ratio of the fluxes of CI_Tau_LB_EB0_initcont_cent_rescaled.vis.npz to CI_Tau_LB_EB1_initcont_cent.vis.npz is 0.99935
#The scaling factor for gencal is 1.000 for your comparison measurement
#The error on the weighted mean ratio is 1.100e-03, although it's likely that the weights in the measurement sets are off by some constant factor
2023-11-10 14:44:24	WARN	MSConcat::copySysCal	/data/discsim2/fz258/scienceB6_calibration_new_final/CI_Tau_LB_initcont_conc.ms does not have a valid syscal table,
2023-11-10 14:44:24	WARN	MSConcat::copySysCal+	  the MS to be appended, however, has one. Result won't have one.
2023-11-10 14:44:24	WARN	MSConcat::concatenate (file casacore/ms/MSOper/MSConcat.cc, line 996)	Could not merge SysCal subtables 
2023-11-10 14:47:39	WARN	MSConcat::copySysCal	/data/discsim2/fz258/scienceB6_calibration_new_final/CI_Tau_LB_initcont_conc.ms does not have a valid syscal table,
2023-11-10 14:47:39	WARN	MSConcat::copySysCal+	  the MS to be appended, however, has one. Result won't have one.
2023-11-10 14:47:39	WARN	MSConcat::concatenate (file casacore/ms/MSOper/MSConcat.cc, line 996)	Could not merge SysCal subtables 

0%....10....20....30....40....50....60....70....80....90....100%

0%....10....20....30....40....50....60....70....80....90....100%

0%....10....20....30....40....50....60....70....80....90....100%

0%....10....20....30....40....50....60....70....80....90....100%

0%....10....20....30....40....50....60....70....80....90....100%

0%....10....20....30....40....50....60....70....80....90....100%

0%....10....20....30....40....50....60....70....80....90....100%
#CI_Tau_LB_p0.image.tt0
#Beam 0.065 arcsec x 0.043 arcsec (31.10 deg)
#Flux inside disk mask: 150.46 mJy
#Peak intensity of source: 3.54 mJy/beam
#rms: 1.11e-02 mJy/beam
#Peak SNR: 319.42
NOTICE: Exporting to images in screen resolution is currently not working.  Switching to high resolution (which is slower, but works).

0%....10....20....30....40....50....60....70....80....90....100%

0%....10....20....30....40....50....60....70....80....90....100%

0%....10....20....30....40....50....60....70....80....90....100%

0%....10....20....30....40....50....60....70....80....90....100%

0%....10....20....30....40....50....60....70....80....90....100%

0%....10....20....30....40....50....60....70....80....90....100%

0%....10....20....30....40....50....60....70....80....90....100%
#CI_Tau_LB_initcont_p1.image.tt0
#Beam 0.065 arcsec x 0.043 arcsec (31.10 deg)
#Flux inside disk mask: 151.21 mJy
#Peak intensity of source: 3.55 mJy/beam
#rms: 1.10e-02 mJy/beam
#Peak SNR: 323.82
6 of 40 solutions flagged due to SNR < 4 in spw=4 at 2017/09/23/09:52:03.2
9 of 40 solutions flagged due to SNR < 4 in spw=4 at 2017/09/23/10:24:09.3
1 of 40 solutions flagged due to SNR < 4 in spw=4 at 2017/09/23/10:28:51.7
7 of 41 solutions flagged due to SNR < 4 in spw=4 at 2017/09/24/07:43:50.3
1 of 41 solutions flagged due to SNR < 4 in spw=4 at 2017/09/24/07:53:50.7
14 of 41 solutions flagged due to SNR < 4 in spw=4 at 2017/09/24/08:15:56.4
NOTICE: Exporting to images in screen resolution is currently not working.  Switching to high resolution (which is slower, but works).

0%....10....20....30....40....50....60....70....80....90....100%

0%....10....20....30....40....50....60....70....80....90....100%

0%....10....20....30....40....50....60....70....80....90....100%

0%....10....20....30....40....50....60....70....80....90....100%

0%....10....20....30....40....50....60....70....80....90....100%

0%....10....20....30....40....50....60....70....80....90....100%

0%....10....20....30....40....50....60....70....80....90....100%
#CI_Tau_LB_initcont_p2.image.tt0
#Beam 0.065 arcsec x 0.043 arcsec (31.10 deg)
#Flux inside disk mask: 151.02 mJy
#Peak intensity of source: 3.57 mJy/beam
#rms: 1.07e-02 mJy/beam
#Peak SNR: 332.36
7 of 40 solutions flagged due to SNR < 4 in spw=4 at 2017/09/23/09:52:03.2
2 of 40 solutions flagged due to SNR < 4 in spw=4 at 2017/09/23/09:54:09.9
6 of 40 solutions flagged due to SNR < 4 in spw=4 at 2017/09/23/09:55:56.9
1 of 40 solutions flagged due to SNR < 4 in spw=4 at 2017/09/23/09:57:58.3
5 of 40 solutions flagged due to SNR < 4 in spw=4 at 2017/09/23/09:59:45.6
1 of 40 solutions flagged due to SNR < 4 in spw=4 at 2017/09/23/10:01:46.9
10 of 40 solutions flagged due to SNR < 4 in spw=4 at 2017/09/23/10:03:38.3
2 of 40 solutions flagged due to SNR < 4 in spw=4 at 2017/09/23/10:05:39.7
7 of 40 solutions flagged due to SNR < 4 in spw=4 at 2017/09/23/10:07:19.4
2 of 40 solutions flagged due to SNR < 4 in spw=4 at 2017/09/23/10:09:21.0
7 of 40 solutions flagged due to SNR < 4 in spw=4 at 2017/09/23/10:11:08.7
8 of 40 solutions flagged due to SNR < 4 in spw=4 at 2017/09/23/10:13:14.5
14 of 40 solutions flagged due to SNR < 4 in spw=4 at 2017/09/23/10:15:02.8
7 of 40 solutions flagged due to SNR < 4 in spw=4 at 2017/09/23/10:18:43.5
2 of 40 solutions flagged due to SNR < 4 in spw=4 at 2017/09/23/10:20:46.0
9 of 40 solutions flagged due to SNR < 4 in spw=4 at 2017/09/23/10:22:33.4
8 of 40 solutions flagged due to SNR < 4 in spw=4 at 2017/09/23/10:24:38.9
14 of 40 solutions flagged due to SNR < 4 in spw=4 at 2017/09/23/10:26:27.5
2 of 40 solutions flagged due to SNR < 4 in spw=4 at 2017/09/23/10:28:22.0
5 of 40 solutions flagged due to SNR < 4 in spw=4 at 2017/09/23/10:30:08.6
5 of 40 solutions flagged due to SNR < 4 in spw=4 at 2017/09/23/10:33:58.7
5 of 40 solutions flagged due to SNR < 4 in spw=4 at 2017/09/23/10:36:01.8
9 of 40 solutions flagged due to SNR < 4 in spw=4 at 2017/09/23/10:37:53.0
7 of 40 solutions flagged due to SNR < 4 in spw=4 at 2017/09/23/10:41:34.6
3 of 40 solutions flagged due to SNR < 4 in spw=4 at 2017/09/23/10:42:53.3
7 of 41 solutions flagged due to SNR < 4 in spw=4 at 2017/09/24/07:43:50.3
1 of 41 solutions flagged due to SNR < 4 in spw=4 at 2017/09/24/07:45:57.1
8 of 41 solutions flagged due to SNR < 4 in spw=4 at 2017/09/24/07:47:43.9
3 of 41 solutions flagged due to SNR < 4 in spw=4 at 2017/09/24/07:49:46.1
7 of 41 solutions flagged due to SNR < 4 in spw=4 at 2017/09/24/07:51:33.2
2 of 41 solutions flagged due to SNR < 4 in spw=4 at 2017/09/24/07:53:36.1
19 of 41 solutions flagged due to SNR < 4 in spw=4 at 2017/09/24/07:55:27.1
2 of 41 solutions flagged due to SNR < 4 in spw=4 at 2017/09/24/07:57:21.0
8 of 41 solutions flagged due to SNR < 4 in spw=4 at 2017/09/24/07:59:08.2
1 of 41 solutions flagged due to SNR < 4 in spw=4 at 2017/09/24/08:01:10.2
8 of 41 solutions flagged due to SNR < 4 in spw=4 at 2017/09/24/08:02:58.0
3 of 41 solutions flagged due to SNR < 4 in spw=4 at 2017/09/24/08:05:01.8
13 of 41 solutions flagged due to SNR < 4 in spw=4 at 2017/09/24/08:06:50.6
7 of 41 solutions flagged due to SNR < 4 in spw=4 at 2017/09/24/08:10:30.8
8 of 41 solutions flagged due to SNR < 4 in spw=4 at 2017/09/24/08:14:20.0
3 of 41 solutions flagged due to SNR < 4 in spw=4 at 2017/09/24/08:16:22.0
14 of 41 solutions flagged due to SNR < 4 in spw=4 at 2017/09/24/08:18:13.5
9 of 41 solutions flagged due to SNR < 4 in spw=4 at 2017/09/24/08:21:54.7
10 of 41 solutions flagged due to SNR < 4 in spw=4 at 2017/09/24/08:25:44.0
2 of 41 solutions flagged due to SNR < 4 in spw=4 at 2017/09/24/08:27:46.9
13 of 41 solutions flagged due to SNR < 4 in spw=4 at 2017/09/24/08:29:38.4
1 of 41 solutions flagged due to SNR < 4 in spw=4 at 2017/09/24/08:31:32.0
7 of 41 solutions flagged due to SNR < 4 in spw=4 at 2017/09/24/08:33:19.3
2 of 41 solutions flagged due to SNR < 4 in spw=4 at 2017/09/24/08:34:35.9
NOTICE: Exporting to images in screen resolution is currently not working.  Switching to high resolution (which is slower, but works).

0%....10....20....30....40....50....60....70....80....90....100%

0%....10....20....30....40....50....60....70....80....90....100%

0%....10....20....30....40....50....60....70....80....90....100%

0%....10....20....30....40....50....60....70....80....90....100%

0%....10....20....30....40....50....60....70....80....90....100%

0%....10....20....30....40....50....60....70....80....90....100%

0%....10....20....30....40....50....60....70....80....90....100%
#CI_Tau_LB_initcont_p3.image.tt0
#Beam 0.065 arcsec x 0.043 arcsec (31.10 deg)
#Flux inside disk mask: 150.42 mJy
#Peak intensity of source: 3.64 mJy/beam
#rms: 1.09e-02 mJy/beam
#Peak SNR: 333.76
1 of 40 solutions flagged due to SNR < 4 in spw=0 at 2016/08/27/10:42:27.1
9 of 40 solutions flagged due to SNR < 4 in spw=4 at 2017/09/23/09:51:52.1
7 of 40 solutions flagged due to SNR < 4 in spw=4 at 2017/09/23/09:52:10.2
4 of 40 solutions flagged due to SNR < 4 in spw=4 at 2017/09/23/09:53:11.3
3 of 40 solutions flagged due to SNR < 4 in spw=4 at 2017/09/23/09:54:27.8
5 of 40 solutions flagged due to SNR < 4 in spw=4 at 2017/09/23/09:55:43.7
3 of 40 solutions flagged due to SNR < 4 in spw=4 at 2017/09/23/09:57:00.0
5 of 40 solutions flagged due to SNR < 4 in spw=4 at 2017/09/23/09:58:16.4
3 of 40 solutions flagged due to SNR < 4 in spw=4 at 2017/09/23/09:59:32.3
3 of 40 solutions flagged due to SNR < 4 in spw=4 at 2017/09/23/10:01:01.0
5 of 40 solutions flagged due to SNR < 4 in spw=4 at 2017/09/23/10:03:25.2
6 of 40 solutions flagged due to SNR < 4 in spw=5 at 2017/09/23/10:04:33.6
5 of 40 solutions flagged due to SNR < 4 in spw=5 at 2017/09/23/10:05:50.2
4 of 40 solutions flagged due to SNR < 4 in spw=4 at 2017/09/23/10:07:06.7
4 of 40 solutions flagged due to SNR < 4 in spw=4 at 2017/09/23/10:08:22.8
2 of 40 solutions flagged due to SNR < 4 in spw=4 at 2017/09/23/10:09:39.5
4 of 40 solutions flagged due to SNR < 4 in spw=4 at 2017/09/23/10:10:55.6
6 of 40 solutions flagged due to SNR < 4 in spw=4 at 2017/09/23/10:12:25.3
7 of 40 solutions flagged due to SNR < 4 in spw=4 at 2017/09/23/10:14:48.7
4 of 40 solutions flagged due to SNR < 4 in spw=4 at 2017/09/23/10:15:57.2
5 of 40 solutions flagged due to SNR < 4 in spw=4 at 2017/09/23/10:17:13.9
5 of 40 solutions flagged due to SNR < 4 in spw=4 at 2017/09/23/10:18:30.5
5 of 40 solutions flagged due to SNR < 4 in spw=4 at 2017/09/23/10:19:47.2
3 of 40 solutions flagged due to SNR < 4 in spw=4 at 2017/09/23/10:21:03.8
9 of 40 solutions flagged due to SNR < 4 in spw=4 at 2017/09/23/10:22:20.3
7 of 40 solutions flagged due to SNR < 4 in spw=4 at 2017/09/23/10:23:50.2
6 of 40 solutions flagged due to SNR < 4 in spw=4 at 2017/09/23/10:26:13.4
6 of 40 solutions flagged due to SNR < 4 in spw=4 at 2017/09/23/10:27:22.8
6 of 40 solutions flagged due to SNR < 4 in spw=4 at 2017/09/23/10:28:38.8
4 of 40 solutions flagged due to SNR < 4 in spw=4 at 2017/09/23/10:29:55.7
4 of 40 solutions flagged due to SNR < 4 in spw=4 at 2017/09/23/10:31:12.2
3 of 40 solutions flagged due to SNR < 4 in spw=4 at 2017/09/23/10:32:29.8
3 of 40 solutions flagged due to SNR < 4 in spw=4 at 2017/09/23/10:33:45.9
6 of 40 solutions flagged due to SNR < 4 in spw=4 at 2017/09/23/10:35:15.4
6 of 40 solutions flagged due to SNR < 4 in spw=4 at 2017/09/23/10:37:39.9
2 of 40 solutions flagged due to SNR < 4 in spw=4 at 2017/09/23/10:38:48.7
4 of 40 solutions flagged due to SNR < 4 in spw=4 at 2017/09/23/10:40:05.6
5 of 40 solutions flagged due to SNR < 4 in spw=4 at 2017/09/23/10:41:22.5
5 of 40 solutions flagged due to SNR < 4 in spw=4 at 2017/09/23/10:42:39.5
8 of 40 solutions flagged due to SNR < 4 in spw=4 at 2017/09/23/10:43:38.2
8 of 41 solutions flagged due to SNR < 4 in spw=4 at 2017/09/24/07:43:50.3
5 of 41 solutions flagged due to SNR < 4 in spw=4 at 2017/09/24/07:44:58.3
5 of 41 solutions flagged due to SNR < 4 in spw=4 at 2017/09/24/07:46:14.7
6 of 41 solutions flagged due to SNR < 4 in spw=4 at 2017/09/24/07:47:30.4
6 of 41 solutions flagged due to SNR < 4 in spw=4 at 2017/09/24/07:48:47.2
6 of 41 solutions flagged due to SNR < 4 in spw=4 at 2017/09/24/07:50:03.6
6 of 41 solutions flagged due to SNR < 4 in spw=4 at 2017/09/24/07:51:19.9
5 of 41 solutions flagged due to SNR < 4 in spw=4 at 2017/09/24/07:52:49.0
8 of 41 solutions flagged due to SNR < 4 in spw=4 at 2017/09/24/07:55:14.5
6 of 41 solutions flagged due to SNR < 4 in spw=4 at 2017/09/24/07:56:22.3
4 of 41 solutions flagged due to SNR < 4 in spw=4 at 2017/09/24/07:57:38.6
6 of 41 solutions flagged due to SNR < 4 in spw=4 at 2017/09/24/07:58:54.9
5 of 41 solutions flagged due to SNR < 4 in spw=4 at 2017/09/24/08:00:11.4
5 of 41 solutions flagged due to SNR < 4 in spw=4 at 2017/09/24/08:01:28.0
5 of 41 solutions flagged due to SNR < 4 in spw=4 at 2017/09/24/08:02:44.1
6 of 41 solutions flagged due to SNR < 4 in spw=4 at 2017/09/24/08:04:12.9
4 of 41 solutions flagged due to SNR < 4 in spw=4 at 2017/09/24/08:06:37.0
4 of 41 solutions flagged due to SNR < 4 in spw=4 at 2017/09/24/08:07:44.8
4 of 41 solutions flagged due to SNR < 4 in spw=4 at 2017/09/24/08:09:01.1
5 of 41 solutions flagged due to SNR < 4 in spw=4 at 2017/09/24/08:10:17.5
3 of 41 solutions flagged due to SNR < 4 in spw=4 at 2017/09/24/08:11:34.0
6 of 41 solutions flagged due to SNR < 4 in spw=4 at 2017/09/24/08:12:50.3
6 of 41 solutions flagged due to SNR < 4 in spw=4 at 2017/09/24/08:14:06.8
6 of 41 solutions flagged due to SNR < 4 in spw=4 at 2017/09/24/08:15:35.1
7 of 41 solutions flagged due to SNR < 4 in spw=4 at 2017/09/24/08:18:00.9
6 of 41 solutions flagged due to SNR < 4 in spw=4 at 2017/09/24/08:19:08.8
3 of 41 solutions flagged due to SNR < 4 in spw=4 at 2017/09/24/08:20:25.0
5 of 41 solutions flagged due to SNR < 4 in spw=4 at 2017/09/24/08:21:41.5
4 of 41 solutions flagged due to SNR < 4 in spw=4 at 2017/09/24/08:22:57.8
5 of 41 solutions flagged due to SNR < 4 in spw=4 at 2017/09/24/08:24:14.3
6 of 41 solutions flagged due to SNR < 4 in spw=4 at 2017/09/24/08:25:30.7
6 of 41 solutions flagged due to SNR < 4 in spw=4 at 2017/09/24/08:27:00.0
4 of 41 solutions flagged due to SNR < 4 in spw=4 at 2017/09/24/08:29:25.3
3 of 41 solutions flagged due to SNR < 4 in spw=4 at 2017/09/24/08:30:33.5
5 of 41 solutions flagged due to SNR < 4 in spw=4 at 2017/09/24/08:31:49.6
6 of 41 solutions flagged due to SNR < 4 in spw=4 at 2017/09/24/08:33:06.0
5 of 41 solutions flagged due to SNR < 4 in spw=4 at 2017/09/24/08:34:22.3
9 of 41 solutions flagged due to SNR < 4 in spw=4 at 2017/09/24/08:35:20.6
NOTICE: Exporting to images in screen resolution is currently not working.  Switching to high resolution (which is slower, but works).

0%....10....20....30....40....50....60....70....80....90....100%

0%....10....20....30....40....50....60....70....80....90....100%

0%....10....20....30....40....50....60....70....80....90....100%

0%....10....20....30....40....50....60....70....80....90....100%

0%....10....20....30....40....50....60....70....80....90....100%

0%....10....20....30....40....50....60....70....80....90....100%

0%....10....20....30....40....50....60....70....80....90....100%
#CI_Tau_LB_initcont_p4.image.tt0
#Beam 0.065 arcsec x 0.043 arcsec (31.10 deg)
#Flux inside disk mask: 151.30 mJy
#Peak intensity of source: 3.88 mJy/beam
#rms: 1.04e-02 mJy/beam
#Peak SNR: 373.49
1 of 40 solutions flagged due to SNR < 4 in spw=0 at 2016/08/27/10:27:59.5
1 of 40 solutions flagged due to SNR < 4 in spw=0 at 2016/08/27/10:34:51.6
1 of 40 solutions flagged due to SNR < 4 in spw=0 at 2016/08/27/10:36:52.0
2 of 40 solutions flagged due to SNR < 4 in spw=0 at 2016/08/27/10:37:22.2
1 of 40 solutions flagged due to SNR < 4 in spw=0 at 2016/08/27/10:42:41.7
2 of 40 solutions flagged due to SNR < 4 in spw=0 at 2016/08/27/10:44:12.4
3 of 40 solutions flagged due to SNR < 4 in spw=0 at 2016/08/27/10:44:42.7
8 of 40 solutions flagged due to SNR < 4 in spw=4 at 2017/09/23/09:51:52.1
7 of 40 solutions flagged due to SNR < 4 in spw=4 at 2017/09/23/09:52:10.2
7 of 40 solutions flagged due to SNR < 4 in spw=4 at 2017/09/23/09:52:59.2
7 of 40 solutions flagged due to SNR < 4 in spw=4 at 2017/09/23/09:53:25.4
7 of 40 solutions flagged due to SNR < 4 in spw=4 at 2017/09/23/09:54:15.7
7 of 40 solutions flagged due to SNR < 4 in spw=4 at 2017/09/23/09:54:41.7
6 of 40 solutions flagged due to SNR < 4 in spw=4 at 2017/09/23/09:55:31.6
6 of 40 solutions flagged due to SNR < 4 in spw=4 at 2017/09/23/09:55:57.9
6 of 40 solutions flagged due to SNR < 4 in spw=4 at 2017/09/23/09:56:47.9
7 of 40 solutions flagged due to SNR < 4 in spw=4 at 2017/09/23/09:57:14.1
8 of 40 solutions flagged due to SNR < 4 in spw=4 at 2017/09/23/09:58:04.3
6 of 40 solutions flagged due to SNR < 4 in spw=4 at 2017/09/23/09:58:30.3
5 of 40 solutions flagged due to SNR < 4 in spw=4 at 2017/09/23/09:59:20.2
5 of 40 solutions flagged due to SNR < 4 in spw=4 at 2017/09/23/09:59:46.6
4 of 40 solutions flagged due to SNR < 4 in spw=4 at 2017/09/23/10:00:48.9
6 of 40 solutions flagged due to SNR < 4 in spw=4 at 2017/09/23/10:01:15.2
6 of 40 solutions flagged due to SNR < 4 in spw=4 at 2017/09/23/10:03:22.1
12 of 40 solutions flagged due to SNR < 4 in spw=4 at 2017/09/23/10:03:40.3
8 of 40 solutions flagged due to SNR < 4 in spw=5 at 2017/09/23/10:04:21.5
8 of 40 solutions flagged due to SNR < 4 in spw=5 at 2017/09/23/10:04:47.6
7 of 40 solutions flagged due to SNR < 4 in spw=5 at 2017/09/23/10:05:38.2
6 of 40 solutions flagged due to SNR < 4 in spw=5 at 2017/09/23/10:06:04.0
6 of 40 solutions flagged due to SNR < 4 in spw=4 at 2017/09/23/10:06:54.6
7 of 40 solutions flagged due to SNR < 4 in spw=4 at 2017/09/23/10:07:20.4
5 of 40 solutions flagged due to SNR < 4 in spw=4 at 2017/09/23/10:08:10.8
7 of 40 solutions flagged due to SNR < 4 in spw=4 at 2017/09/23/10:08:36.9
6 of 40 solutions flagged due to SNR < 4 in spw=4 at 2017/09/23/10:09:27.4
6 of 40 solutions flagged due to SNR < 4 in spw=4 at 2017/09/23/10:09:53.3
7 of 40 solutions flagged due to SNR < 4 in spw=4 at 2017/09/23/10:10:43.5
7 of 40 solutions flagged due to SNR < 4 in spw=4 at 2017/09/23/10:11:09.7
7 of 40 solutions flagged due to SNR < 4 in spw=4 at 2017/09/23/10:12:13.3
7 of 40 solutions flagged due to SNR < 4 in spw=4 at 2017/09/23/10:12:39.3
7 of 40 solutions flagged due to SNR < 4 in spw=4 at 2017/09/23/10:14:45.6
17 of 40 solutions flagged due to SNR < 4 in spw=4 at 2017/09/23/10:15:03.8
6 of 40 solutions flagged due to SNR < 4 in spw=4 at 2017/09/23/10:15:45.1
6 of 40 solutions flagged due to SNR < 4 in spw=4 at 2017/09/23/10:16:11.3
4 of 40 solutions flagged due to SNR < 4 in spw=4 at 2017/09/23/10:17:02.8
7 of 40 solutions flagged due to SNR < 4 in spw=4 at 2017/09/23/10:17:28.9
6 of 40 solutions flagged due to SNR < 4 in spw=4 at 2017/09/23/10:18:18.4
7 of 40 solutions flagged due to SNR < 4 in spw=4 at 2017/09/23/10:18:44.5
6 of 40 solutions flagged due to SNR < 4 in spw=4 at 2017/09/23/10:19:35.1
6 of 40 solutions flagged due to SNR < 4 in spw=4 at 2017/09/23/10:20:01.2
7 of 40 solutions flagged due to SNR < 4 in spw=4 at 2017/09/23/10:20:51.7
6 of 40 solutions flagged due to SNR < 4 in spw=4 at 2017/09/23/10:21:17.8
7 of 40 solutions flagged due to SNR < 4 in spw=4 at 2017/09/23/10:22:08.2
9 of 40 solutions flagged due to SNR < 4 in spw=4 at 2017/09/23/10:22:34.4
8 of 40 solutions flagged due to SNR < 4 in spw=4 at 2017/09/23/10:23:38.1
8 of 40 solutions flagged due to SNR < 4 in spw=4 at 2017/09/23/10:24:04.3
7 of 40 solutions flagged due to SNR < 4 in spw=4 at 2017/09/23/10:26:10.4
16 of 40 solutions flagged due to SNR < 4 in spw=4 at 2017/09/23/10:26:28.5
7 of 40 solutions flagged due to SNR < 4 in spw=4 at 2017/09/23/10:27:10.7
6 of 40 solutions flagged due to SNR < 4 in spw=4 at 2017/09/23/10:27:36.1
7 of 40 solutions flagged due to SNR < 4 in spw=4 at 2017/09/23/10:28:26.7
6 of 40 solutions flagged due to SNR < 4 in spw=4 at 2017/09/23/10:28:52.9
6 of 40 solutions flagged due to SNR < 4 in spw=4 at 2017/09/23/10:29:43.5
5 of 40 solutions flagged due to SNR < 4 in spw=4 at 2017/09/23/10:30:09.6
7 of 40 solutions flagged due to SNR < 4 in spw=4 at 2017/09/23/10:31:00.1
4 of 40 solutions flagged due to SNR < 4 in spw=4 at 2017/09/23/10:31:26.3
4 of 40 solutions flagged due to SNR < 4 in spw=4 at 2017/09/23/10:32:17.7
7 of 40 solutions flagged due to SNR < 4 in spw=4 at 2017/09/23/10:32:43.0
6 of 40 solutions flagged due to SNR < 4 in spw=4 at 2017/09/23/10:33:33.8
5 of 40 solutions flagged due to SNR < 4 in spw=4 at 2017/09/23/10:33:59.7
7 of 40 solutions flagged due to SNR < 4 in spw=4 at 2017/09/23/10:35:03.3
8 of 40 solutions flagged due to SNR < 4 in spw=4 at 2017/09/23/10:35:29.5
5 of 40 solutions flagged due to SNR < 4 in spw=4 at 2017/09/23/10:37:36.9
18 of 40 solutions flagged due to SNR < 4 in spw=4 at 2017/09/23/10:37:55.0
5 of 40 solutions flagged due to SNR < 4 in spw=4 at 2017/09/23/10:38:36.6
7 of 40 solutions flagged due to SNR < 4 in spw=4 at 2017/09/23/10:39:02.8
7 of 40 solutions flagged due to SNR < 4 in spw=4 at 2017/09/23/10:39:53.5
6 of 40 solutions flagged due to SNR < 4 in spw=4 at 2017/09/23/10:40:19.7
6 of 40 solutions flagged due to SNR < 4 in spw=4 at 2017/09/23/10:41:10.4
7 of 40 solutions flagged due to SNR < 4 in spw=4 at 2017/09/23/10:41:36.6
7 of 40 solutions flagged due to SNR < 4 in spw=4 at 2017/09/23/10:42:27.4
8 of 40 solutions flagged due to SNR < 4 in spw=4 at 2017/09/23/10:42:53.5
8 of 40 solutions flagged due to SNR < 4 in spw=4 at 2017/09/23/10:43:38.2
7 of 41 solutions flagged due to SNR < 4 in spw=4 at 2017/09/24/07:43:45.2
14 of 41 solutions flagged due to SNR < 4 in spw=4 at 2017/09/24/07:44:03.4
5 of 41 solutions flagged due to SNR < 4 in spw=4 at 2017/09/24/07:44:46.2
8 of 41 solutions flagged due to SNR < 4 in spw=4 at 2017/09/24/07:45:12.6
9 of 41 solutions flagged due to SNR < 4 in spw=4 at 2017/09/24/07:46:02.5
7 of 41 solutions flagged due to SNR < 4 in spw=4 at 2017/09/24/07:46:28.9
8 of 41 solutions flagged due to SNR < 4 in spw=4 at 2017/09/24/07:47:18.8
9 of 41 solutions flagged due to SNR < 4 in spw=4 at 2017/09/24/07:47:44.9
8 of 41 solutions flagged due to SNR < 4 in spw=4 at 2017/09/24/07:48:35.1
9 of 41 solutions flagged due to SNR < 4 in spw=4 at 2017/09/24/07:49:01.5
8 of 41 solutions flagged due to SNR < 4 in spw=4 at 2017/09/24/07:49:51.5
8 of 41 solutions flagged due to SNR < 4 in spw=4 at 2017/09/24/07:50:17.9
8 of 41 solutions flagged due to SNR < 4 in spw=4 at 2017/09/24/07:51:07.8
7 of 41 solutions flagged due to SNR < 4 in spw=4 at 2017/09/24/07:51:34.2
8 of 41 solutions flagged due to SNR < 4 in spw=4 at 2017/09/24/07:52:36.8
9 of 41 solutions flagged due to SNR < 4 in spw=4 at 2017/09/24/07:53:03.3
8 of 41 solutions flagged due to SNR < 4 in spw=4 at 2017/09/24/07:55:11.0
22 of 41 solutions flagged due to SNR < 4 in spw=4 at 2017/09/24/07:55:29.1
9 of 41 solutions flagged due to SNR < 4 in spw=4 at 2017/09/24/07:56:10.1
8 of 41 solutions flagged due to SNR < 4 in spw=4 at 2017/09/24/07:56:36.5
6 of 41 solutions flagged due to SNR < 4 in spw=4 at 2017/09/24/07:57:26.5
8 of 41 solutions flagged due to SNR < 4 in spw=4 at 2017/09/24/07:57:52.9
9 of 41 solutions flagged due to SNR < 4 in spw=4 at 2017/09/24/07:58:42.9
8 of 41 solutions flagged due to SNR < 4 in spw=4 at 2017/09/24/07:59:09.2
9 of 41 solutions flagged due to SNR < 4 in spw=4 at 2017/09/24/07:59:59.3
9 of 41 solutions flagged due to SNR < 4 in spw=4 at 2017/09/24/08:00:25.7
6 of 41 solutions flagged due to SNR < 4 in spw=4 at 2017/09/24/08:01:15.8
10 of 41 solutions flagged due to SNR < 4 in spw=4 at 2017/09/24/08:01:42.1
6 of 41 solutions flagged due to SNR < 4 in spw=4 at 2017/09/24/08:02:32.1
9 of 41 solutions flagged due to SNR < 4 in spw=4 at 2017/09/24/08:02:59.1
7 of 41 solutions flagged due to SNR < 4 in spw=4 at 2017/09/24/08:04:00.7
10 of 41 solutions flagged due to SNR < 4 in spw=4 at 2017/09/24/08:04:27.2
6 of 41 solutions flagged due to SNR < 4 in spw=4 at 2017/09/24/08:06:33.5
20 of 41 solutions flagged due to SNR < 4 in spw=4 at 2017/09/24/08:06:51.6
9 of 41 solutions flagged due to SNR < 4 in spw=4 at 2017/09/24/08:07:32.5
8 of 41 solutions flagged due to SNR < 4 in spw=4 at 2017/09/24/08:07:58.9
6 of 41 solutions flagged due to SNR < 4 in spw=4 at 2017/09/24/08:08:48.9
8 of 41 solutions flagged due to SNR < 4 in spw=4 at 2017/09/24/08:09:15.4
9 of 41 solutions flagged due to SNR < 4 in spw=4 at 2017/09/24/08:10:05.3
7 of 41 solutions flagged due to SNR < 4 in spw=4 at 2017/09/24/08:10:31.8
3 of 41 solutions flagged due to SNR < 4 in spw=4 at 2017/09/24/08:11:21.8
6 of 41 solutions flagged due to SNR < 4 in spw=4 at 2017/09/24/08:11:48.2
8 of 41 solutions flagged due to SNR < 4 in spw=4 at 2017/09/24/08:12:38.2
8 of 41 solutions flagged due to SNR < 4 in spw=4 at 2017/09/24/08:13:04.6
9 of 41 solutions flagged due to SNR < 4 in spw=4 at 2017/09/24/08:13:54.6
8 of 41 solutions flagged due to SNR < 4 in spw=4 at 2017/09/24/08:14:21.0
7 of 41 solutions flagged due to SNR < 4 in spw=4 at 2017/09/24/08:15:22.9
8 of 41 solutions flagged due to SNR < 4 in spw=4 at 2017/09/24/08:15:49.3
7 of 41 solutions flagged due to SNR < 4 in spw=4 at 2017/09/24/08:17:57.4
18 of 41 solutions flagged due to SNR < 4 in spw=4 at 2017/09/24/08:18:15.6
9 of 41 solutions flagged due to SNR < 4 in spw=4 at 2017/09/24/08:18:56.5
7 of 41 solutions flagged due to SNR < 4 in spw=4 at 2017/09/24/08:19:22.9
6 of 41 solutions flagged due to SNR < 4 in spw=4 at 2017/09/24/08:20:12.9
7 of 41 solutions flagged due to SNR < 4 in spw=4 at 2017/09/24/08:20:39.3
9 of 41 solutions flagged due to SNR < 4 in spw=4 at 2017/09/24/08:21:29.3
9 of 41 solutions flagged due to SNR < 4 in spw=4 at 2017/09/24/08:21:55.7
6 of 41 solutions flagged due to SNR < 4 in spw=4 at 2017/09/24/08:22:45.7
9 of 41 solutions flagged due to SNR < 4 in spw=4 at 2017/09/24/08:23:12.1
8 of 41 solutions flagged due to SNR < 4 in spw=4 at 2017/09/24/08:24:02.1
7 of 41 solutions flagged due to SNR < 4 in spw=4 at 2017/09/24/08:24:28.6
8 of 41 solutions flagged due to SNR < 4 in spw=4 at 2017/09/24/08:25:18.6
9 of 41 solutions flagged due to SNR < 4 in spw=4 at 2017/09/24/08:25:45.0
8 of 41 solutions flagged due to SNR < 4 in spw=4 at 2017/09/24/08:26:47.9
9 of 41 solutions flagged due to SNR < 4 in spw=4 at 2017/09/24/08:27:14.3
6 of 41 solutions flagged due to SNR < 4 in spw=4 at 2017/09/24/08:29:22.2
17 of 41 solutions flagged due to SNR < 4 in spw=4 at 2017/09/24/08:29:40.4
7 of 41 solutions flagged due to SNR < 4 in spw=4 at 2017/09/24/08:30:21.4
7 of 41 solutions flagged due to SNR < 4 in spw=4 at 2017/09/24/08:30:47.6
6 of 41 solutions flagged due to SNR < 4 in spw=4 at 2017/09/24/08:31:37.5
8 of 41 solutions flagged due to SNR < 4 in spw=4 at 2017/09/24/08:32:03.9
8 of 41 solutions flagged due to SNR < 4 in spw=4 at 2017/09/24/08:32:53.8
7 of 41 solutions flagged due to SNR < 4 in spw=4 at 2017/09/24/08:33:20.3
7 of 41 solutions flagged due to SNR < 4 in spw=4 at 2017/09/24/08:34:10.1
8 of 41 solutions flagged due to SNR < 4 in spw=4 at 2017/09/24/08:34:36.6
8 of 41 solutions flagged due to SNR < 4 in spw=4 at 2017/09/24/08:35:20.6
NOTICE: Exporting to images in screen resolution is currently not working.  Switching to high resolution (which is slower, but works).

0%....10....20....30....40....50....60....70....80....90....100%

0%....10....20....30....40....50....60....70....80....90....100%

0%....10....20....30....40....50....60....70....80....90....100%

0%....10....20....30....40....50....60....70....80....90....100%

0%....10....20....30....40....50....60....70....80....90....100%

0%....10....20....30....40....50....60....70....80....90....100%

0%....10....20....30....40....50....60....70....80....90....100%
#CI_Tau_LB_initcont_p5.image.tt0
#Beam 0.065 arcsec x 0.043 arcsec (31.10 deg)
#Flux inside disk mask: 150.95 mJy
#Peak intensity of source: 3.97 mJy/beam
#rms: 1.04e-02 mJy/beam
#Peak SNR: 383.05
1 of 41 solutions flagged due to SNR < 4 in spw=0 at 2016/08/27/10:26:53.6
6 of 41 solutions flagged due to SNR < 4 in spw=0 at 2016/08/27/10:27:07.9
1 of 40 solutions flagged due to SNR < 4 in spw=0 at 2016/08/27/10:27:23.2
3 of 40 solutions flagged due to SNR < 4 in spw=0 at 2016/08/27/10:27:38.3
3 of 40 solutions flagged due to SNR < 4 in spw=0 at 2016/08/27/10:27:53.4
6 of 40 solutions flagged due to SNR < 4 in spw=0 at 2016/08/27/10:28:08.5
3 of 40 solutions flagged due to SNR < 4 in spw=0 at 2016/08/27/10:28:23.7
5 of 40 solutions flagged due to SNR < 4 in spw=0 at 2016/08/27/10:28:38.8
4 of 40 solutions flagged due to SNR < 4 in spw=0 at 2016/08/27/10:28:53.9
4 of 40 solutions flagged due to SNR < 4 in spw=0 at 2016/08/27/10:29:09.0
5 of 40 solutions flagged due to SNR < 4 in spw=0 at 2016/08/27/10:29:24.1
5 of 40 solutions flagged due to SNR < 4 in spw=0 at 2016/08/27/10:29:39.3
3 of 40 solutions flagged due to SNR < 4 in spw=0 at 2016/08/27/10:34:45.6
6 of 40 solutions flagged due to SNR < 4 in spw=0 at 2016/08/27/10:35:00.1
2 of 40 solutions flagged due to SNR < 4 in spw=0 at 2016/08/27/10:35:15.2
5 of 40 solutions flagged due to SNR < 4 in spw=0 at 2016/08/27/10:35:30.3
3 of 40 solutions flagged due to SNR < 4 in spw=0 at 2016/08/27/10:35:45.5
4 of 40 solutions flagged due to SNR < 4 in spw=0 at 2016/08/27/10:36:00.6
2 of 40 solutions flagged due to SNR < 4 in spw=0 at 2016/08/27/10:36:15.7
5 of 40 solutions flagged due to SNR < 4 in spw=0 at 2016/08/27/10:36:30.8
2 of 40 solutions flagged due to SNR < 4 in spw=0 at 2016/08/27/10:36:45.9
4 of 40 solutions flagged due to SNR < 4 in spw=0 at 2016/08/27/10:37:01.1
1 of 40 solutions flagged due to SNR < 4 in spw=0 at 2016/08/27/10:37:16.2
5 of 40 solutions flagged due to SNR < 4 in spw=0 at 2016/08/27/10:37:31.3
2 of 40 solutions flagged due to SNR < 4 in spw=0 at 2016/08/27/10:42:05.9
6 of 40 solutions flagged due to SNR < 4 in spw=0 at 2016/08/27/10:42:20.5
3 of 40 solutions flagged due to SNR < 4 in spw=0 at 2016/08/27/10:42:35.7
3 of 40 solutions flagged due to SNR < 4 in spw=0 at 2016/08/27/10:42:50.8
1 of 40 solutions flagged due to SNR < 4 in spw=0 at 2016/08/27/10:43:05.9
4 of 40 solutions flagged due to SNR < 4 in spw=0 at 2016/08/27/10:43:21.0
2 of 40 solutions flagged due to SNR < 4 in spw=0 at 2016/08/27/10:43:36.1
7 of 40 solutions flagged due to SNR < 4 in spw=0 at 2016/08/27/10:43:51.3
4 of 40 solutions flagged due to SNR < 4 in spw=0 at 2016/08/27/10:44:06.4
4 of 40 solutions flagged due to SNR < 4 in spw=0 at 2016/08/27/10:44:21.5
3 of 40 solutions flagged due to SNR < 4 in spw=0 at 2016/08/27/10:44:36.6
5 of 40 solutions flagged due to SNR < 4 in spw=0 at 2016/08/27/10:44:51.7
8 of 40 solutions flagged due to SNR < 4 in spw=4 at 2017/09/23/09:51:52.1
8 of 40 solutions flagged due to SNR < 4 in spw=4 at 2017/09/23/09:52:07.2
14 of 40 solutions flagged due to SNR < 4 in spw=4 at 2017/09/23/09:52:18.3
13 of 40 solutions flagged due to SNR < 4 in spw=4 at 2017/09/23/09:52:52.1
8 of 40 solutions flagged due to SNR < 4 in spw=4 at 2017/09/23/09:53:06.2
7 of 40 solutions flagged due to SNR < 4 in spw=4 at 2017/09/23/09:53:21.4
15 of 40 solutions flagged due to SNR < 4 in spw=4 at 2017/09/23/09:53:33.5
9 of 40 solutions flagged due to SNR < 4 in spw=4 at 2017/09/23/09:54:08.5
8 of 40 solutions flagged due to SNR < 4 in spw=4 at 2017/09/23/09:54:22.5
8 of 40 solutions flagged due to SNR < 4 in spw=4 at 2017/09/23/09:54:37.6
12 of 40 solutions flagged due to SNR < 4 in spw=4 at 2017/09/23/09:54:49.7
8 of 40 solutions flagged due to SNR < 4 in spw=4 at 2017/09/23/09:55:24.5
8 of 40 solutions flagged due to SNR < 4 in spw=4 at 2017/09/23/09:55:38.7
8 of 40 solutions flagged due to SNR < 4 in spw=4 at 2017/09/23/09:55:53.9
12 of 40 solutions flagged due to SNR < 4 in spw=4 at 2017/09/23/09:56:06.0
8 of 40 solutions flagged due to SNR < 4 in spw=4 at 2017/09/23/09:56:40.8
7 of 40 solutions flagged due to SNR < 4 in spw=4 at 2017/09/23/09:56:55.0
8 of 40 solutions flagged due to SNR < 4 in spw=4 at 2017/09/23/09:57:10.1
16 of 40 solutions flagged due to SNR < 4 in spw=4 at 2017/09/23/09:57:22.2
8 of 40 solutions flagged due to SNR < 4 in spw=4 at 2017/09/23/09:57:57.1
8 of 40 solutions flagged due to SNR < 4 in spw=4 at 2017/09/23/09:58:11.2
8 of 40 solutions flagged due to SNR < 4 in spw=4 at 2017/09/23/09:58:26.3
12 of 40 solutions flagged due to SNR < 4 in spw=4 at 2017/09/23/09:58:38.4
8 of 40 solutions flagged due to SNR < 4 in spw=4 at 2017/09/23/09:59:13.1
8 of 40 solutions flagged due to SNR < 4 in spw=4 at 2017/09/23/09:59:27.4
7 of 40 solutions flagged due to SNR < 4 in spw=4 at 2017/09/23/09:59:42.5
14 of 40 solutions flagged due to SNR < 4 in spw=4 at 2017/09/23/09:59:54.6
7 of 40 solutions flagged due to SNR < 4 in spw=4 at 2017/09/23/10:00:41.8
9 of 40 solutions flagged due to SNR < 4 in spw=4 at 2017/09/23/10:00:56.0
7 of 40 solutions flagged due to SNR < 4 in spw=4 at 2017/09/23/10:01:11.1
12 of 40 solutions flagged due to SNR < 4 in spw=4 at 2017/09/23/10:01:23.2
8 of 40 solutions flagged due to SNR < 4 in spw=4 at 2017/09/23/10:03:15.1
10 of 40 solutions flagged due to SNR < 4 in spw=4 at 2017/09/23/10:03:30.2
12 of 40 solutions flagged due to SNR < 4 in spw=4 at 2017/09/23/10:03:40.3
11 of 40 solutions flagged due to SNR < 4 in spw=5 at 2017/09/23/10:04:14.5
12 of 40 solutions flagged due to SNR < 4 in spw=5 at 2017/09/23/10:04:28.5
9 of 40 solutions flagged due to SNR < 4 in spw=5 at 2017/09/23/10:04:43.6
15 of 40 solutions flagged due to SNR < 4 in spw=5 at 2017/09/23/10:04:55.7
13 of 40 solutions flagged due to SNR < 4 in spw=5 at 2017/09/23/10:05:31.1
9 of 40 solutions flagged due to SNR < 4 in spw=5 at 2017/09/23/10:05:44.9
8 of 40 solutions flagged due to SNR < 4 in spw=5 at 2017/09/23/10:06:00.0
15 of 40 solutions flagged due to SNR < 4 in spw=5 at 2017/09/23/10:06:12.1
7 of 40 solutions flagged due to SNR < 4 in spw=4 at 2017/09/23/10:06:47.5
8 of 40 solutions flagged due to SNR < 4 in spw=4 at 2017/09/23/10:07:01.3
8 of 40 solutions flagged due to SNR < 4 in spw=4 at 2017/09/23/10:07:16.4
14 of 40 solutions flagged due to SNR < 4 in spw=4 at 2017/09/23/10:07:28.5
7 of 40 solutions flagged due to SNR < 4 in spw=4 at 2017/09/23/10:08:03.7
7 of 40 solutions flagged due to SNR < 4 in spw=4 at 2017/09/23/10:08:17.7
8 of 40 solutions flagged due to SNR < 4 in spw=4 at 2017/09/23/10:08:32.8
15 of 40 solutions flagged due to SNR < 4 in spw=4 at 2017/09/23/10:08:44.9
8 of 40 solutions flagged due to SNR < 4 in spw=4 at 2017/09/23/10:09:20.4
7 of 40 solutions flagged due to SNR < 4 in spw=4 at 2017/09/23/10:09:34.1
7 of 40 solutions flagged due to SNR < 4 in spw=4 at 2017/09/23/10:09:49.2
12 of 40 solutions flagged due to SNR < 4 in spw=4 at 2017/09/23/10:10:01.3
8 of 40 solutions flagged due to SNR < 4 in spw=4 at 2017/09/23/10:10:36.5
9 of 40 solutions flagged due to SNR < 4 in spw=4 at 2017/09/23/10:10:50.5
7 of 40 solutions flagged due to SNR < 4 in spw=4 at 2017/09/23/10:11:05.7
11 of 40 solutions flagged due to SNR < 4 in spw=4 at 2017/09/23/10:11:17.8
8 of 40 solutions flagged due to SNR < 4 in spw=4 at 2017/09/23/10:12:06.3
6 of 40 solutions flagged due to SNR < 4 in spw=4 at 2017/09/23/10:12:20.2
7 of 40 solutions flagged due to SNR < 4 in spw=4 at 2017/09/23/10:12:35.3
16 of 40 solutions flagged due to SNR < 4 in spw=4 at 2017/09/23/10:12:47.4
9 of 40 solutions flagged due to SNR < 4 in spw=4 at 2017/09/23/10:14:38.6
9 of 40 solutions flagged due to SNR < 4 in spw=4 at 2017/09/23/10:14:53.7
17 of 40 solutions flagged due to SNR < 4 in spw=4 at 2017/09/23/10:15:03.8
10 of 40 solutions flagged due to SNR < 4 in spw=4 at 2017/09/23/10:15:38.1
7 of 40 solutions flagged due to SNR < 4 in spw=4 at 2017/09/23/10:15:52.2
7 of 40 solutions flagged due to SNR < 4 in spw=4 at 2017/09/23/10:16:07.3
13 of 40 solutions flagged due to SNR < 4 in spw=4 at 2017/09/23/10:16:19.4
8 of 40 solutions flagged due to SNR < 4 in spw=4 at 2017/09/23/10:16:55.7
7 of 40 solutions flagged due to SNR < 4 in spw=4 at 2017/09/23/10:17:10.8
9 of 40 solutions flagged due to SNR < 4 in spw=4 at 2017/09/23/10:17:25.9
14 of 40 solutions flagged due to SNR < 4 in spw=4 at 2017/09/23/10:17:37.0
8 of 40 solutions flagged due to SNR < 4 in spw=4 at 2017/09/23/10:18:11.4
10 of 40 solutions flagged due to SNR < 4 in spw=4 at 2017/09/23/10:18:25.4
7 of 40 solutions flagged due to SNR < 4 in spw=4 at 2017/09/23/10:18:40.5
13 of 40 solutions flagged due to SNR < 4 in spw=4 at 2017/09/23/10:18:52.6
9 of 40 solutions flagged due to SNR < 4 in spw=4 at 2017/09/23/10:19:28.1
7 of 40 solutions flagged due to SNR < 4 in spw=4 at 2017/09/23/10:19:42.0
7 of 40 solutions flagged due to SNR < 4 in spw=4 at 2017/09/23/10:19:57.1
13 of 40 solutions flagged due to SNR < 4 in spw=4 at 2017/09/23/10:20:09.2
8 of 40 solutions flagged due to SNR < 4 in spw=4 at 2017/09/23/10:20:44.6
8 of 40 solutions flagged due to SNR < 4 in spw=4 at 2017/09/23/10:20:58.6
7 of 40 solutions flagged due to SNR < 4 in spw=4 at 2017/09/23/10:21:13.7
12 of 40 solutions flagged due to SNR < 4 in spw=4 at 2017/09/23/10:21:25.8
8 of 40 solutions flagged due to SNR < 4 in spw=4 at 2017/09/23/10:22:01.2
9 of 40 solutions flagged due to SNR < 4 in spw=4 at 2017/09/23/10:22:15.2
10 of 40 solutions flagged due to SNR < 4 in spw=4 at 2017/09/23/10:22:30.3
11 of 40 solutions flagged due to SNR < 4 in spw=4 at 2017/09/23/10:22:42.4
10 of 40 solutions flagged due to SNR < 4 in spw=4 at 2017/09/23/10:23:31.1
9 of 40 solutions flagged due to SNR < 4 in spw=4 at 2017/09/23/10:23:45.1
8 of 40 solutions flagged due to SNR < 4 in spw=4 at 2017/09/23/10:24:00.2
12 of 40 solutions flagged due to SNR < 4 in spw=4 at 2017/09/23/10:24:12.3
9 of 40 solutions flagged due to SNR < 4 in spw=4 at 2017/09/23/10:26:03.3
10 of 40 solutions flagged due to SNR < 4 in spw=4 at 2017/09/23/10:26:18.4
16 of 40 solutions flagged due to SNR < 4 in spw=4 at 2017/09/23/10:26:28.5
7 of 40 solutions flagged due to SNR < 4 in spw=4 at 2017/09/23/10:27:03.6
10 of 40 solutions flagged due to SNR < 4 in spw=4 at 2017/09/23/10:27:17.0
9 of 40 solutions flagged due to SNR < 4 in spw=4 at 2017/09/23/10:27:32.1
10 of 40 solutions flagged due to SNR < 4 in spw=4 at 2017/09/23/10:27:44.2
8 of 40 solutions flagged due to SNR < 4 in spw=4 at 2017/09/23/10:28:19.6
9 of 40 solutions flagged due to SNR < 4 in spw=4 at 2017/09/23/10:28:33.7
8 of 40 solutions flagged due to SNR < 4 in spw=4 at 2017/09/23/10:28:48.8
13 of 40 solutions flagged due to SNR < 4 in spw=4 at 2017/09/23/10:29:00.9
8 of 40 solutions flagged due to SNR < 4 in spw=4 at 2017/09/23/10:29:36.5
8 of 40 solutions flagged due to SNR < 4 in spw=4 at 2017/09/23/10:29:50.4
7 of 40 solutions flagged due to SNR < 4 in spw=4 at 2017/09/23/10:30:05.5
13 of 40 solutions flagged due to SNR < 4 in spw=4 at 2017/09/23/10:30:17.6
7 of 40 solutions flagged due to SNR < 4 in spw=4 at 2017/09/23/10:30:53.0
8 of 40 solutions flagged due to SNR < 4 in spw=4 at 2017/09/23/10:31:07.1
7 of 40 solutions flagged due to SNR < 4 in spw=4 at 2017/09/23/10:31:22.2
17 of 40 solutions flagged due to SNR < 4 in spw=4 at 2017/09/23/10:31:34.3
7 of 40 solutions flagged due to SNR < 4 in spw=4 at 2017/09/23/10:32:10.7
5 of 40 solutions flagged due to SNR < 4 in spw=4 at 2017/09/23/10:32:23.8
8 of 40 solutions flagged due to SNR < 4 in spw=4 at 2017/09/23/10:32:38.9
15 of 40 solutions flagged due to SNR < 4 in spw=4 at 2017/09/23/10:32:51.0
8 of 40 solutions flagged due to SNR < 4 in spw=4 at 2017/09/23/10:33:26.6
8 of 40 solutions flagged due to SNR < 4 in spw=4 at 2017/09/23/10:33:40.5
6 of 40 solutions flagged due to SNR < 4 in spw=4 at 2017/09/23/10:33:55.6
10 of 40 solutions flagged due to SNR < 4 in spw=4 at 2017/09/23/10:34:07.7
7 of 40 solutions flagged due to SNR < 4 in spw=4 at 2017/09/23/10:34:56.2
9 of 40 solutions flagged due to SNR < 4 in spw=4 at 2017/09/23/10:35:10.3
9 of 40 solutions flagged due to SNR < 4 in spw=4 at 2017/09/23/10:35:25.4
12 of 40 solutions flagged due to SNR < 4 in spw=4 at 2017/09/23/10:35:37.5
8 of 40 solutions flagged due to SNR < 4 in spw=4 at 2017/09/23/10:37:29.8
8 of 40 solutions flagged due to SNR < 4 in spw=4 at 2017/09/23/10:37:44.9
18 of 40 solutions flagged due to SNR < 4 in spw=4 at 2017/09/23/10:37:55.0
8 of 40 solutions flagged due to SNR < 4 in spw=4 at 2017/09/23/10:38:29.6
7 of 40 solutions flagged due to SNR < 4 in spw=4 at 2017/09/23/10:38:43.7
8 of 40 solutions flagged due to SNR < 4 in spw=4 at 2017/09/23/10:38:58.8
9 of 40 solutions flagged due to SNR < 4 in spw=4 at 2017/09/23/10:39:10.9
8 of 40 solutions flagged due to SNR < 4 in spw=4 at 2017/09/23/10:39:46.5
7 of 40 solutions flagged due to SNR < 4 in spw=4 at 2017/09/23/10:40:00.6
9 of 40 solutions flagged due to SNR < 4 in spw=4 at 2017/09/23/10:40:15.7
12 of 40 solutions flagged due to SNR < 4 in spw=4 at 2017/09/23/10:40:27.8
9 of 40 solutions flagged due to SNR < 4 in spw=4 at 2017/09/23/10:41:03.3
7 of 40 solutions flagged due to SNR < 4 in spw=4 at 2017/09/23/10:41:17.5
8 of 40 solutions flagged due to SNR < 4 in spw=4 at 2017/09/23/10:41:32.6
12 of 40 solutions flagged due to SNR < 4 in spw=4 at 2017/09/23/10:41:44.7
8 of 40 solutions flagged due to SNR < 4 in spw=4 at 2017/09/23/10:42:20.4
8 of 40 solutions flagged due to SNR < 4 in spw=4 at 2017/09/23/10:42:34.4
8 of 40 solutions flagged due to SNR < 4 in spw=4 at 2017/09/23/10:42:49.5
13 of 40 solutions flagged due to SNR < 4 in spw=4 at 2017/09/23/10:43:01.6
9 of 40 solutions flagged due to SNR < 4 in spw=4 at 2017/09/23/10:43:37.2
26 of 40 solutions flagged due to SNR < 4 in spw=4 at 2017/09/23/10:43:45.2
13 of 41 solutions flagged due to SNR < 4 in spw=4 at 2017/09/24/07:43:38.2
11 of 41 solutions flagged due to SNR < 4 in spw=4 at 2017/09/24/07:43:51.3
14 of 41 solutions flagged due to SNR < 4 in spw=4 at 2017/09/24/07:44:03.4
11 of 41 solutions flagged due to SNR < 4 in spw=4 at 2017/09/24/07:44:39.1
11 of 41 solutions flagged due to SNR < 4 in spw=4 at 2017/09/24/07:44:53.5
9 of 41 solutions flagged due to SNR < 4 in spw=4 at 2017/09/24/07:45:08.6
15 of 41 solutions flagged due to SNR < 4 in spw=4 at 2017/09/24/07:45:20.7
12 of 41 solutions flagged due to SNR < 4 in spw=4 at 2017/09/24/07:45:55.4
11 of 41 solutions flagged due to SNR < 4 in spw=4 at 2017/09/24/07:46:09.8
11 of 41 solutions flagged due to SNR < 4 in spw=4 at 2017/09/24/07:46:24.9
18 of 41 solutions flagged due to SNR < 4 in spw=4 at 2017/09/24/07:46:37.0
10 of 41 solutions flagged due to SNR < 4 in spw=4 at 2017/09/24/07:47:11.7
11 of 41 solutions flagged due to SNR < 4 in spw=4 at 2017/09/24/07:47:26.1
10 of 41 solutions flagged due to SNR < 4 in spw=4 at 2017/09/24/07:47:41.2
15 of 41 solutions flagged due to SNR < 4 in spw=4 at 2017/09/24/07:47:53.2
7 of 41 solutions flagged due to SNR < 4 in spw=4 at 2017/09/24/07:48:28.1
16 of 41 solutions flagged due to SNR < 4 in spw=4 at 2017/09/24/07:48:42.4
10 of 41 solutions flagged due to SNR < 4 in spw=4 at 2017/09/24/07:48:57.6
20 of 41 solutions flagged due to SNR < 4 in spw=4 at 2017/09/24/07:49:09.5
11 of 41 solutions flagged due to SNR < 4 in spw=4 at 2017/09/24/07:49:44.4
11 of 41 solutions flagged due to SNR < 4 in spw=4 at 2017/09/24/07:49:58.8
9 of 41 solutions flagged due to SNR < 4 in spw=4 at 2017/09/24/07:50:13.9
20 of 41 solutions flagged due to SNR < 4 in spw=4 at 2017/09/24/07:50:26.0
10 of 41 solutions flagged due to SNR < 4 in spw=4 at 2017/09/24/07:51:00.7
9 of 41 solutions flagged due to SNR < 4 in spw=4 at 2017/09/24/07:51:15.1
11 of 41 solutions flagged due to SNR < 4 in spw=4 at 2017/09/24/07:51:30.2
18 of 41 solutions flagged due to SNR < 4 in spw=4 at 2017/09/24/07:51:42.3
12 of 41 solutions flagged due to SNR < 4 in spw=4 at 2017/09/24/07:52:29.7
8 of 41 solutions flagged due to SNR < 4 in spw=4 at 2017/09/24/07:52:44.1
11 of 41 solutions flagged due to SNR < 4 in spw=4 at 2017/09/24/07:52:59.2
19 of 41 solutions flagged due to SNR < 4 in spw=4 at 2017/09/24/07:53:11.3
9 of 41 solutions flagged due to SNR < 4 in spw=4 at 2017/09/24/07:55:03.9
11 of 41 solutions flagged due to SNR < 4 in spw=4 at 2017/09/24/07:55:19.1
22 of 41 solutions flagged due to SNR < 4 in spw=4 at 2017/09/24/07:55:29.1
12 of 41 solutions flagged due to SNR < 4 in spw=4 at 2017/09/24/07:56:03.0
10 of 41 solutions flagged due to SNR < 4 in spw=4 at 2017/09/24/07:56:17.3
8 of 41 solutions flagged due to SNR < 4 in spw=4 at 2017/09/24/07:56:32.4
19 of 41 solutions flagged due to SNR < 4 in spw=4 at 2017/09/24/07:56:44.5
10 of 41 solutions flagged due to SNR < 4 in spw=4 at 2017/09/24/07:57:19.4
13 of 41 solutions flagged due to SNR < 4 in spw=4 at 2017/09/24/07:57:33.7
8 of 41 solutions flagged due to SNR < 4 in spw=4 at 2017/09/24/07:57:48.9
17 of 41 solutions flagged due to SNR < 4 in spw=4 at 2017/09/24/07:58:01.0
14 of 41 solutions flagged due to SNR < 4 in spw=4 at 2017/09/24/07:58:35.8
14 of 41 solutions flagged due to SNR < 4 in spw=4 at 2017/09/24/07:58:50.2
8 of 41 solutions flagged due to SNR < 4 in spw=4 at 2017/09/24/07:59:05.3
19 of 41 solutions flagged due to SNR < 4 in spw=4 at 2017/09/24/07:59:17.5
10 of 41 solutions flagged due to SNR < 4 in spw=4 at 2017/09/24/07:59:52.2
10 of 41 solutions flagged due to SNR < 4 in spw=4 at 2017/09/24/08:00:06.6
11 of 41 solutions flagged due to SNR < 4 in spw=4 at 2017/09/24/08:00:21.7
16 of 41 solutions flagged due to SNR < 4 in spw=4 at 2017/09/24/08:00:33.8
10 of 41 solutions flagged due to SNR < 4 in spw=4 at 2017/09/24/08:01:08.7
10 of 41 solutions flagged due to SNR < 4 in spw=4 at 2017/09/24/08:01:23.0
12 of 41 solutions flagged due to SNR < 4 in spw=4 at 2017/09/24/08:01:38.1
19 of 41 solutions flagged due to SNR < 4 in spw=4 at 2017/09/24/08:01:50.2
11 of 41 solutions flagged due to SNR < 4 in spw=4 at 2017/09/24/08:02:25.0
12 of 41 solutions flagged due to SNR < 4 in spw=4 at 2017/09/24/08:02:39.4
10 of 41 solutions flagged due to SNR < 4 in spw=4 at 2017/09/24/08:02:54.9
18 of 41 solutions flagged due to SNR < 4 in spw=4 at 2017/09/24/08:03:06.6
11 of 41 solutions flagged due to SNR < 4 in spw=4 at 2017/09/24/08:03:53.6
13 of 41 solutions flagged due to SNR < 4 in spw=4 at 2017/09/24/08:04:08.0
10 of 41 solutions flagged due to SNR < 4 in spw=4 at 2017/09/24/08:04:23.2
21 of 41 solutions flagged due to SNR < 4 in spw=4 at 2017/09/24/08:04:35.2
8 of 41 solutions flagged due to SNR < 4 in spw=4 at 2017/09/24/08:06:26.4
10 of 41 solutions flagged due to SNR < 4 in spw=4 at 2017/09/24/08:06:41.5
20 of 41 solutions flagged due to SNR < 4 in spw=4 at 2017/09/24/08:06:51.6
12 of 41 solutions flagged due to SNR < 4 in spw=4 at 2017/09/24/08:07:25.4
10 of 41 solutions flagged due to SNR < 4 in spw=4 at 2017/09/24/08:07:39.8
12 of 41 solutions flagged due to SNR < 4 in spw=4 at 2017/09/24/08:07:54.9
16 of 41 solutions flagged due to SNR < 4 in spw=4 at 2017/09/24/08:08:07.0
12 of 41 solutions flagged due to SNR < 4 in spw=4 at 2017/09/24/08:08:41.8
11 of 41 solutions flagged due to SNR < 4 in spw=4 at 2017/09/24/08:08:56.2
10 of 41 solutions flagged due to SNR < 4 in spw=4 at 2017/09/24/08:09:11.3
16 of 41 solutions flagged due to SNR < 4 in spw=4 at 2017/09/24/08:09:23.4
11 of 41 solutions flagged due to SNR < 4 in spw=4 at 2017/09/24/08:09:58.3
11 of 41 solutions flagged due to SNR < 4 in spw=4 at 2017/09/24/08:10:12.6
10 of 41 solutions flagged due to SNR < 4 in spw=4 at 2017/09/24/08:10:27.7
17 of 41 solutions flagged due to SNR < 4 in spw=4 at 2017/09/24/08:10:39.8
10 of 41 solutions flagged due to SNR < 4 in spw=4 at 2017/09/24/08:11:14.7
12 of 41 solutions flagged due to SNR < 4 in spw=4 at 2017/09/24/08:11:29.0
11 of 41 solutions flagged due to SNR < 4 in spw=4 at 2017/09/24/08:11:44.2
16 of 41 solutions flagged due to SNR < 4 in spw=4 at 2017/09/24/08:11:56.3
10 of 41 solutions flagged due to SNR < 4 in spw=4 at 2017/09/24/08:12:31.1
11 of 41 solutions flagged due to SNR < 4 in spw=4 at 2017/09/24/08:12:45.5
12 of 41 solutions flagged due to SNR < 4 in spw=4 at 2017/09/24/08:13:00.6
18 of 41 solutions flagged due to SNR < 4 in spw=4 at 2017/09/24/08:13:12.7
10 of 41 solutions flagged due to SNR < 4 in spw=4 at 2017/09/24/08:13:47.5
12 of 41 solutions flagged due to SNR < 4 in spw=4 at 2017/09/24/08:14:01.9
8 of 41 solutions flagged due to SNR < 4 in spw=4 at 2017/09/24/08:14:17.0
19 of 41 solutions flagged due to SNR < 4 in spw=4 at 2017/09/24/08:14:29.1
12 of 41 solutions flagged due to SNR < 4 in spw=4 at 2017/09/24/08:15:15.8
8 of 41 solutions flagged due to SNR < 4 in spw=4 at 2017/09/24/08:15:30.1
10 of 41 solutions flagged due to SNR < 4 in spw=4 at 2017/09/24/08:15:45.3
17 of 41 solutions flagged due to SNR < 4 in spw=4 at 2017/09/24/08:15:57.4
9 of 41 solutions flagged due to SNR < 4 in spw=4 at 2017/09/24/08:17:50.4
11 of 41 solutions flagged due to SNR < 4 in spw=4 at 2017/09/24/08:18:05.5
19 of 41 solutions flagged due to SNR < 4 in spw=4 at 2017/09/24/08:18:15.6
9 of 41 solutions flagged due to SNR < 4 in spw=4 at 2017/09/24/08:18:49.4
10 of 41 solutions flagged due to SNR < 4 in spw=4 at 2017/09/24/08:19:03.7
11 of 41 solutions flagged due to SNR < 4 in spw=4 at 2017/09/24/08:19:18.9
16 of 41 solutions flagged due to SNR < 4 in spw=4 at 2017/09/24/08:19:31.0
11 of 41 solutions flagged due to SNR < 4 in spw=4 at 2017/09/24/08:20:05.8
10 of 41 solutions flagged due to SNR < 4 in spw=4 at 2017/09/24/08:20:20.2
10 of 41 solutions flagged due to SNR < 4 in spw=4 at 2017/09/24/08:20:35.3
14 of 41 solutions flagged due to SNR < 4 in spw=4 at 2017/09/24/08:20:47.4
10 of 41 solutions flagged due to SNR < 4 in spw=4 at 2017/09/24/08:21:22.2
11 of 41 solutions flagged due to SNR < 4 in spw=4 at 2017/09/24/08:21:36.6
9 of 41 solutions flagged due to SNR < 4 in spw=4 at 2017/09/24/08:21:51.7
16 of 41 solutions flagged due to SNR < 4 in spw=4 at 2017/09/24/08:22:03.8
11 of 41 solutions flagged due to SNR < 4 in spw=4 at 2017/09/24/08:22:38.6
11 of 41 solutions flagged due to SNR < 4 in spw=4 at 2017/09/24/08:22:53.0
12 of 41 solutions flagged due to SNR < 4 in spw=4 at 2017/09/24/08:23:08.1
18 of 41 solutions flagged due to SNR < 4 in spw=4 at 2017/09/24/08:23:20.2
12 of 41 solutions flagged due to SNR < 4 in spw=4 at 2017/09/24/08:23:55.0
10 of 41 solutions flagged due to SNR < 4 in spw=4 at 2017/09/24/08:24:09.4
10 of 41 solutions flagged due to SNR < 4 in spw=4 at 2017/09/24/08:24:24.6
14 of 41 solutions flagged due to SNR < 4 in spw=4 at 2017/09/24/08:24:36.6
9 of 41 solutions flagged due to SNR < 4 in spw=4 at 2017/09/24/08:25:11.5
11 of 41 solutions flagged due to SNR < 4 in spw=4 at 2017/09/24/08:25:25.8
11 of 41 solutions flagged due to SNR < 4 in spw=4 at 2017/09/24/08:25:40.9
18 of 41 solutions flagged due to SNR < 4 in spw=4 at 2017/09/24/08:25:53.0
11 of 41 solutions flagged due to SNR < 4 in spw=4 at 2017/09/24/08:26:40.8
12 of 41 solutions flagged due to SNR < 4 in spw=4 at 2017/09/24/08:26:55.2
12 of 41 solutions flagged due to SNR < 4 in spw=4 at 2017/09/24/08:27:10.2
17 of 41 solutions flagged due to SNR < 4 in spw=4 at 2017/09/24/08:27:22.4
9 of 41 solutions flagged due to SNR < 4 in spw=4 at 2017/09/24/08:29:15.2
8 of 41 solutions flagged due to SNR < 4 in spw=4 at 2017/09/24/08:29:30.3
17 of 41 solutions flagged due to SNR < 4 in spw=4 at 2017/09/24/08:29:40.4
11 of 41 solutions flagged due to SNR < 4 in spw=4 at 2017/09/24/08:30:14.3
11 of 41 solutions flagged due to SNR < 4 in spw=4 at 2017/09/24/08:30:28.5
10 of 41 solutions flagged due to SNR < 4 in spw=4 at 2017/09/24/08:30:43.6
14 of 41 solutions flagged due to SNR < 4 in spw=4 at 2017/09/24/08:30:55.7
9 of 41 solutions flagged due to SNR < 4 in spw=4 at 2017/09/24/08:31:30.4
9 of 41 solutions flagged due to SNR < 4 in spw=4 at 2017/09/24/08:31:44.7
8 of 41 solutions flagged due to SNR < 4 in spw=4 at 2017/09/24/08:31:59.9
17 of 41 solutions flagged due to SNR < 4 in spw=4 at 2017/09/24/08:32:12.0
10 of 41 solutions flagged due to SNR < 4 in spw=4 at 2017/09/24/08:32:46.7
11 of 41 solutions flagged due to SNR < 4 in spw=4 at 2017/09/24/08:33:01.1
7 of 41 solutions flagged due to SNR < 4 in spw=4 at 2017/09/24/08:33:16.2
13 of 41 solutions flagged due to SNR < 4 in spw=4 at 2017/09/24/08:33:28.3
9 of 41 solutions flagged due to SNR < 4 in spw=4 at 2017/09/24/08:34:03.1
9 of 41 solutions flagged due to SNR < 4 in spw=4 at 2017/09/24/08:34:17.4
9 of 41 solutions flagged due to SNR < 4 in spw=4 at 2017/09/24/08:34:32.5
18 of 41 solutions flagged due to SNR < 4 in spw=4 at 2017/09/24/08:34:44.6
11 of 41 solutions flagged due to SNR < 4 in spw=4 at 2017/09/24/08:35:19.6
31 of 41 solutions flagged due to SNR < 4 in spw=4 at 2017/09/24/08:35:27.7
NOTICE: Exporting to images in screen resolution is currently not working.  Switching to high resolution (which is slower, but works).

0%....10....20....30....40....50....60....70....80....90....100%

0%....10....20....30....40....50....60....70....80....90....100%

0%....10....20....30....40....50....60....70....80....90....100%

0%....10....20....30....40....50....60....70....80....90....100%

0%....10....20....30....40....50....60....70....80....90....100%

0%....10....20....30....40....50....60....70....80....90....100%

0%....10....20....30....40....50....60....70....80....90....100%
#CI_Tau_LB_initcont_p6.image.tt0
#Beam 0.065 arcsec x 0.043 arcsec (31.10 deg)
#Flux inside disk mask: 150.60 mJy
#Peak intensity of source: 4.01 mJy/beam
#rms: 1.04e-02 mJy/beam
#Peak SNR: 385.79

0%....10....20....30....40....50....60....70....80....90....100%

0%....10....20....30....40....50....60....70....80....90....100%

0%....10....20....30....40....50....60....70....80....90....100%

0%....10....20....30....40....50....60....70....80....90....100%

0%....10....20....30....40....50....60....70....80....90....100%

0%....10....20....30....40....50....60....70....80....90....100%

0%....10....20....30....40....50....60....70....80....90....100%

0%....10....20....30....40....50....60....70....80....90....100%

0%....10....20....30....40....50....60....70....80....90....100%

0%....10....20....30....40....50....60....70....80....90....100%

0%....10....20....30....40....50....60....70....80....90....100%

0%....10....20....30....40....50....60....70....80....90....100%

0%....10....20....30....40....50....60....70....80....90....100%

0%....10....20....30....40....50....60....70....80....90....100%

0%....10....20....30....40....50....60....70....80....90....100%

0%....10....20....30....40....50....60....70....80....90....100%

0%....10....20....30....40....50....60....70....80....90....100%

0%....10....20....30....40....50....60....70....80....90....100%

0%....10....20....30....40....50....60....70....80....90....100%

0%....10....20....30....40....50....60....70....80....90....100%

0%....10....20....30....40....50....60....70....80....90....100%

0%....10....20....30....40....50....60....70....80....90....100%

0%....10....20....30....40....50....60....70....80....90....100%

0%....10....20....30....40....50....60....70....80....90....100%

0%....10....20....30....40....50....60....70....80....90....100%

0%....10....20....30....40....50....60....70....80....90....100%

0%....10....20....30....40....50....60....70....80....90....100%

0%....10....20....30....40....50....60....70....80....90....100%

0%....10....20....30....40....50....60....70....80....90....100%

0%....10....20....30....40....50....60....70....80....90....100%

0%....10....20....30....40....50....60....70....80....90....100%

0%....10....20....30....40....50....60....70....80....90....100%

0%....10....20....30....40....50....60....70....80....90....100%

0%....10....20....30....40....50....60....70....80....90....100%

0%....10....20....30....40....50....60....70....80....90....100%

0%....10....20....30....40....50....60....70....80....90....100%

0%....10....20....30....40....50....60....70....80....90....100%

0%....10....20....30....40....50....60....70....80....90....100%

0%....10....20....30....40....50....60....70....80....90....100%
#CI_Tau_LB_initcont_p6.image.tt0
#Beam 0.065 arcsec x 0.043 arcsec (31.10 deg)
#Flux inside disk mask: 148.12 mJy
#Peak intensity of source: 4.01 mJy/beam
#rms: 9.79e-03 mJy/beam
#Peak SNR: 409.80
NOTICE: Exporting to images in screen resolution is currently not working.  Switching to high resolution (which is slower, but works).
NOTICE: Exporting to images in screen resolution is currently not working.  Switching to high resolution (which is slower, but works).
NOTICE: Exporting to images in screen resolution is currently not working.  Switching to high resolution (which is slower, but works).
NOTICE: Exporting to images in screen resolution is currently not working.  Switching to high resolution (which is slower, but works).

0%....10....20....30....40....50....60....70....80....90....100%

0%....10....20....30....40....50....60....70....80....90....100%

0%....10....20....30....40....50....60....70....80....90....100%

0%....10....20....30....40....50....60....70....80....90....100%

0%....10....20....30....40....50....60....70....80....90....100%

0%....10....20....30....40....50....60....70....80....90....100%

0%....10....20....30....40....50....60....70....80....90....100%

0%....10....20....30....40....50....60....70....80....90....100%

0%....10....20....30....40....50....60....70....80....90....100%

0%....10....20....30....40....50....60....70....80....90....100%

0%....10....20....30....40....50....60....70....80....90....100%

0%....10....20....30....40....50....60....70....80....90....100%

0%....10....20....30....40....50....60....70....80....90....100%

0%....10....20....30....40....50....60....70....80....90....100%

0%....10....20....30....40....50....60....70....80....90....100%

0%....10....20....30....40....50....60....70....80....90....100%

0%....10....20....30....40....50....60....70....80....90....100%

0%....10....20....30....40....50....60....70....80....90....100%

0%....10....20....30....40....50....60....70....80....90....100%

0%....10....20....30....40....50....60....70....80....90....100%

0%....10....20....30....40....50....60....70....80....90....100%

0%....10....20....30....40....50....60....70....80....90....100%

0%....10....20....30....40....50....60....70....80....90....100%

0%....10....20....30....40....50....60....70....80....90....100%

0%....10....20....30....40....50....60....70....80....90....100%

0%....10....20....30....40....50....60....70....80....90....100%

0%....10....20....30....40....50....60....70....80....90....100%

0%....10....20....30....40....50....60....70....80....90....100%

0%....10....20....30....40....50....60....70....80....90....100%

0%....10....20....30....40....50....60....70....80....90....100%

0%....10....20....30....40....50....60....70....80....90....100%

0%....10....20....30....40....50....60....70....80....90....100%

0%....10....20....30....40....50....60....70....80....90....100%

0%....10....20....30....40....50....60....70....80....90....100%

0%....10....20....30....40....50....60....70....80....90....100%

0%....10....20....30....40....50....60....70....80....90....100%

0%....10....20....30....40....50....60....70....80....90....100%
#CI_Tau_LB_initcont_ap0.image.tt0
#Beam 0.061 arcsec x 0.043 arcsec (29.67 deg)
#Flux inside disk mask: 149.11 mJy
#Peak intensity of source: 3.82 mJy/beam
#rms: 9.51e-03 mJy/beam
#Peak SNR: 402.06
